0 verbose cli /usr/local/bin/node /usr/local/bin/npm
1 info using npm@11.6.2
2 info using node@v24.13.0
3 silly config load:file:/usr/local/lib/node_modules/npm/npmrc
4 silly config load:file:/Applications/XAMPP/xamppfiles/htdocs/Test 1/titas_clone/frontend-next/.npmrc
5 silly config load:file:/Users/robin/.npmrc
6 silly config load:file:/usr/local/etc/npmrc
7 verbose title npm install react-select submerged.
8 verbose argv "install" "react-select" "--cache" "./.npm-cache" "submerged."
9 verbose logfile logs-max:10 dir:/Applications/XAMPP/xamppfiles/htdocs/Test 1/titas_clone/frontend-next/.npm-cache/_logs/2026-03-17T15_59_25_214Z-
10 verbose logfile /Applications/XAMPP/xamppfiles/htdocs/Test 1/titas_clone/frontend-next/.npm-cache/_logs/2026-03-17T15_59_25_214Z-debug-0.log
11 silly logfile done cleaning log files
12 silly packumentCache heap:4496293888 maxSize:1124073472 maxEntrySize:562036736
13 silly idealTree buildDeps
14 silly fetch manifest react-select@*
15 silly packumentCache full:https://registry.npmjs.org/react-select cache-miss
16 http fetch GET 200 https://registry.npmjs.org/react-select 449ms (cache miss)
17 silly packumentCache full:https://registry.npmjs.org/react-select set size:undefined disposed:false
18 silly fetch manifest react@^19.2.4
19 silly packumentCache full:https://registry.npmjs.org/react cache-miss
20 http fetch GET 200 https://registry.npmjs.org/react 111ms (cache revalidated)
21 silly packumentCache full:https://registry.npmjs.org/react set size:6543561 disposed:false
22 silly fetch manifest react-dom@^19.2.4
23 silly packumentCache full:https://registry.npmjs.org/react-dom cache-miss
24 http fetch GET 200 https://registry.npmjs.org/react-dom 137ms (cache revalidated)
25 silly packumentCache full:https://registry.npmjs.org/react-dom set size:8685222 disposed:false
26 silly fetch manifest submerged.@*
27 silly packumentCache full:https://registry.npmjs.org/submerged. cache-miss
28 http fetch GET 404 https://registry.npmjs.org/submerged. 353ms (cache skip)
29 silly placeDep ROOT react-select@5.10.2 OK for: frontend-next@1.0.0 want: *
30 silly placeDep ROOT submerged.@ OK for: frontend-next@1.0.0 want: *
31 silly fetch manifest @babel/runtime@^7.12.0
32 silly packumentCache full:https://registry.npmjs.org/@babel%2fruntime cache-miss
33 silly fetch manifest @emotion/cache@^11.4.0
34 silly packumentCache full:https://registry.npmjs.org/@emotion%2fcache cache-miss
35 silly fetch manifest @emotion/react@^11.8.1
36 silly packumentCache full:https://registry.npmjs.org/@emotion%2freact cache-miss
37 silly fetch manifest @floating-ui/dom@^1.0.1
38 silly packumentCache full:https://registry.npmjs.org/@floating-ui%2fdom cache-miss
39 silly fetch manifest @types/react-transition-group@^4.4.0
40 silly packumentCache full:https://registry.npmjs.org/@types%2freact-transition-group cache-miss
41 silly fetch manifest memoize-one@^6.0.0
42 silly packumentCache full:https://registry.npmjs.org/memoize-one cache-miss
43 silly fetch manifest prop-types@^15.6.0
44 silly packumentCache full:https://registry.npmjs.org/prop-types cache-miss
45 http fetch GET 200 https://registry.npmjs.org/@babel%2fruntime 192ms (cache miss)
46 silly packumentCache full:https://registry.npmjs.org/@babel%2fruntime set size:undefined disposed:false
47 silly fetch manifest react-transition-group@^4.3.0
48 silly packumentCache full:https://registry.npmjs.org/react-transition-group cache-miss
49 http fetch GET 200 https://registry.npmjs.org/react-transition-group 105ms (cache miss)
50 silly packumentCache full:https://registry.npmjs.org/react-transition-group set size:undefined disposed:false
51 silly fetch manifest use-isomorphic-layout-effect@^1.2.0
52 silly packumentCache full:https://registry.npmjs.org/use-isomorphic-layout-effect cache-miss
53 http fetch GET 200 https://registry.npmjs.org/@types%2freact-transition-group 324ms (cache miss)
54 silly packumentCache full:https://registry.npmjs.org/@types%2freact-transition-group set size:undefined disposed:false
55 http fetch GET 200 https://registry.npmjs.org/memoize-one 332ms (cache miss)
56 silly packumentCache full:https://registry.npmjs.org/memoize-one set size:undefined disposed:false
57 http fetch GET 200 https://registry.npmjs.org/@emotion%2freact 340ms (cache miss)
58 silly packumentCache full:https://registry.npmjs.org/@emotion%2freact set size:undefined disposed:false
59 http fetch GET 200 https://registry.npmjs.org/@emotion%2fcache 346ms (cache miss)
60 silly packumentCache full:https://registry.npmjs.org/@emotion%2fcache set size:undefined disposed:false
61 http fetch GET 200 https://registry.npmjs.org/@floating-ui%2fdom 347ms (cache miss)
62 silly packumentCache full:https://registry.npmjs.org/@floating-ui%2fdom set size:undefined disposed:false
63 http fetch GET 200 https://registry.npmjs.org/use-isomorphic-layout-effect 128ms (cache miss)
64 silly packumentCache full:https://registry.npmjs.org/use-isomorphic-layout-effect set size:undefined disposed:false
65 http fetch GET 200 https://registry.npmjs.org/prop-types 443ms (cache miss)
66 silly packumentCache full:https://registry.npmjs.org/prop-types set size:undefined disposed:false
67 silly fetch manifest react@^16.8.0 || ^17.0.0 || ^18.0.0 || ^19.0.0
68 silly packumentCache full:https://registry.npmjs.org/react cache-miss
69 http cache https://registry.npmjs.org/react 8ms (cache hit)
70 silly packumentCache full:https://registry.npmjs.org/react set size:6543561 disposed:false
71 silly fetch manifest @types/react@*
72 silly packumentCache full:https://registry.npmjs.org/@types%2freact cache-miss
73 http fetch GET 200 https://registry.npmjs.org/@types%2freact 264ms (cache miss)
74 silly packumentCache full:https://registry.npmjs.org/@types%2freact set size:undefined disposed:false
75 silly fetch manifest react-dom@^16.8.0 || ^17.0.0 || ^18.0.0 || ^19.0.0
76 silly packumentCache full:https://registry.npmjs.org/react-dom cache-miss
77 http cache https://registry.npmjs.org/react-dom 9ms (cache hit)
78 silly packumentCache full:https://registry.npmjs.org/react-dom set size:8685222 disposed:false
79 silly placeDep ROOT @babel/runtime@7.29.2 OK for: react-select@5.10.2 want: ^7.12.0
80 silly placeDep ROOT @emotion/cache@11.14.0 OK for: react-select@5.10.2 want: ^11.4.0
81 silly placeDep ROOT @emotion/react@11.14.0 OK for: react-select@5.10.2 want: ^11.8.1
82 silly placeDep ROOT @floating-ui/dom@1.7.6 OK for: react-select@5.10.2 want: ^1.0.1
83 silly placeDep ROOT @types/react-transition-group@4.4.12 OK for: react-select@5.10.2 want: ^4.4.0
84 silly placeDep ROOT @types/react@19.2.14 OK for: @types/react-transition-group@4.4.12 want: *
85 silly placeDep ROOT memoize-one@6.0.0 OK for: react-select@5.10.2 want: ^6.0.0
86 silly placeDep ROOT prop-types@15.8.1 OK for: react-select@5.10.2 want: ^15.6.0
87 silly placeDep ROOT react-transition-group@4.4.5 OK for: react-select@5.10.2 want: ^4.3.0
88 silly placeDep ROOT use-isomorphic-layout-effect@1.2.1 OK for: react-select@5.10.2 want: ^1.2.0
89 silly fetch manifest @emotion/memoize@^0.9.0
90 silly packumentCache full:https://registry.npmjs.org/@emotion%2fmemoize cache-miss
91 silly fetch manifest @emotion/sheet@^1.4.0
92 silly packumentCache full:https://registry.npmjs.org/@emotion%2fsheet cache-miss
93 silly fetch manifest @emotion/utils@^1.4.2
94 silly packumentCache full:https://registry.npmjs.org/@emotion%2futils cache-miss
95 silly fetch manifest @emotion/weak-memoize@^0.4.0
96 silly packumentCache full:https://registry.npmjs.org/@emotion%2fweak-memoize cache-miss
97 silly fetch manifest stylis@4.2.0
98 silly packumentCache full:https://registry.npmjs.org/stylis cache-miss
99 silly fetch manifest @emotion/babel-plugin@^11.13.5
100 silly packumentCache full:https://registry.npmjs.org/@emotion%2fbabel-plugin cache-miss
101 silly fetch manifest @emotion/serialize@^1.3.3
102 silly packumentCache full:https://registry.npmjs.org/@emotion%2fserialize cache-miss
103 http fetch GET 200 https://registry.npmjs.org/@emotion%2futils 109ms (cache miss)
104 silly packumentCache full:https://registry.npmjs.org/@emotion%2futils set size:undefined disposed:false
105 silly fetch manifest @emotion/use-insertion-effect-with-fallbacks@^1.2.0
106 silly packumentCache full:https://registry.npmjs.org/@emotion%2fuse-insertion-effect-with-fallbacks cache-miss
107 http fetch GET 200 https://registry.npmjs.org/@emotion%2fweak-memoize 118ms (cache miss)
108 silly packumentCache full:https://registry.npmjs.org/@emotion%2fweak-memoize set size:undefined disposed:false
109 silly fetch manifest hoist-non-react-statics@^3.3.1
110 silly packumentCache full:https://registry.npmjs.org/hoist-non-react-statics cache-miss
111 http fetch GET 200 https://registry.npmjs.org/@emotion%2fsheet 119ms (cache miss)
112 silly packumentCache full:https://registry.npmjs.org/@emotion%2fsheet set size:undefined disposed:false
113 silly fetch manifest @floating-ui/core@^1.7.5
114 silly packumentCache full:https://registry.npmjs.org/@floating-ui%2fcore cache-miss
115 http fetch GET 200 https://registry.npmjs.org/@emotion%2fmemoize 130ms (cache miss)
116 silly packumentCache full:https://registry.npmjs.org/@emotion%2fmemoize set size:undefined disposed:false
117 silly fetch manifest @floating-ui/utils@^0.2.11
118 silly packumentCache full:https://registry.npmjs.org/@floating-ui%2futils cache-miss
119 http fetch GET 200 https://registry.npmjs.org/@emotion%2fbabel-plugin 142ms (cache miss)
120 silly packumentCache full:https://registry.npmjs.org/@emotion%2fbabel-plugin set size:undefined disposed:false
121 silly fetch manifest csstype@^3.2.2
122 silly packumentCache full:https://registry.npmjs.org/csstype cache-miss
123 http fetch GET 200 https://registry.npmjs.org/stylis 143ms (cache miss)
124 silly packumentCache full:https://registry.npmjs.org/stylis set size:undefined disposed:false
125 silly fetch manifest loose-envify@^1.4.0
126 silly packumentCache full:https://registry.npmjs.org/loose-envify cache-miss
127 http fetch GET 200 https://registry.npmjs.org/@emotion%2fserialize 146ms (cache miss)
128 silly packumentCache full:https://registry.npmjs.org/@emotion%2fserialize set size:undefined disposed:false
129 silly fetch manifest object-assign@^4.1.1
130 silly packumentCache full:https://registry.npmjs.org/object-assign cache-miss
131 http fetch GET 200 https://registry.npmjs.org/@emotion%2fuse-insertion-effect-with-fallbacks 114ms (cache miss)
132 silly packumentCache full:https://registry.npmjs.org/@emotion%2fuse-insertion-effect-with-fallbacks set size:undefined disposed:false
133 silly fetch manifest react-is@^16.13.1
134 silly packumentCache full:https://registry.npmjs.org/react-is cache-miss
135 http fetch GET 200 https://registry.npmjs.org/hoist-non-react-statics 107ms (cache miss)
136 silly packumentCache full:https://registry.npmjs.org/hoist-non-react-statics set size:undefined disposed:false
137 silly fetch manifest dom-helpers@^5.0.1
138 silly packumentCache full:https://registry.npmjs.org/dom-helpers cache-miss
139 http fetch GET 200 https://registry.npmjs.org/object-assign 96ms (cache miss)
140 silly packumentCache full:https://registry.npmjs.org/object-assign set size:undefined disposed:false
141 silly fetch manifest loose-envify@^1.4.0
142 silly packumentCache full:https://registry.npmjs.org/loose-envify cache-miss
143 http fetch GET 200 https://registry.npmjs.org/csstype 102ms (cache miss)
144 silly packumentCache full:https://registry.npmjs.org/csstype set size:undefined disposed:false
145 http fetch GET 200 https://registry.npmjs.org/@floating-ui%2futils 130ms (cache miss)
146 silly packumentCache full:https://registry.npmjs.org/@floating-ui%2futils set size:undefined disposed:false
147 http fetch GET 200 https://registry.npmjs.org/@floating-ui%2fcore 144ms (cache miss)
148 silly packumentCache full:https://registry.npmjs.org/@floating-ui%2fcore set size:undefined disposed:false
149 http fetch GET 200 https://registry.npmjs.org/loose-envify 127ms (cache miss)
150 silly packumentCache full:https://registry.npmjs.org/loose-envify set size:undefined disposed:false
151 http fetch GET 200 https://registry.npmjs.org/loose-envify 121ms (cache miss)
152 silly packumentCache full:https://registry.npmjs.org/loose-envify set size:undefined disposed:false
153 http fetch GET 200 https://registry.npmjs.org/dom-helpers 151ms (cache miss)
154 silly packumentCache full:https://registry.npmjs.org/dom-helpers set size:undefined disposed:false
155 http fetch GET 200 https://registry.npmjs.org/react-is 369ms (cache miss)
156 silly packumentCache full:https://registry.npmjs.org/react-is set size:undefined disposed:false
157 silly placeDep ROOT @emotion/memoize@0.9.0 OK for: @emotion/cache@11.14.0 want: ^0.9.0
158 silly placeDep ROOT @emotion/sheet@1.4.0 OK for: @emotion/cache@11.14.0 want: ^1.4.0
159 silly placeDep ROOT @emotion/utils@1.4.2 OK for: @emotion/cache@11.14.0 want: ^1.4.2
160 silly placeDep ROOT @emotion/weak-memoize@0.4.0 OK for: @emotion/cache@11.14.0 want: ^0.4.0
161 silly placeDep ROOT stylis@4.2.0 OK for: @emotion/cache@11.14.0 want: 4.2.0
162 silly fetch manifest react@>=16.8.0
163 silly packumentCache full:https://registry.npmjs.org/react cache-miss
164 http cache https://registry.npmjs.org/react 8ms (cache hit)
165 silly packumentCache full:https://registry.npmjs.org/react set size:6543561 disposed:false
166 silly placeDep ROOT @emotion/babel-plugin@11.13.5 OK for: @emotion/react@11.14.0 want: ^11.13.5
167 silly placeDep ROOT @emotion/serialize@1.3.3 OK for: @emotion/react@11.14.0 want: ^1.3.3
168 silly placeDep ROOT @emotion/use-insertion-effect-with-fallbacks@1.2.0 OK for: @emotion/react@11.14.0 want: ^1.2.0
169 silly placeDep ROOT hoist-non-react-statics@3.3.2 OK for: @emotion/react@11.14.0 want: ^3.3.1
170 silly fetch manifest @babel/helper-module-imports@^7.16.7
171 silly packumentCache full:https://registry.npmjs.org/@babel%2fhelper-module-imports cache-miss
172 silly fetch manifest @emotion/hash@^0.9.2
173 silly packumentCache full:https://registry.npmjs.org/@emotion%2fhash cache-miss
174 silly fetch manifest babel-plugin-macros@^3.1.0
175 silly packumentCache full:https://registry.npmjs.org/babel-plugin-macros cache-miss
176 silly fetch manifest convert-source-map@^1.5.0
177 silly packumentCache full:https://registry.npmjs.org/convert-source-map cache-miss
178 silly fetch manifest escape-string-regexp@^4.0.0
179 silly packumentCache full:https://registry.npmjs.org/escape-string-regexp cache-miss
180 silly fetch manifest find-root@^1.1.0
181 silly packumentCache full:https://registry.npmjs.org/find-root cache-miss
182 silly fetch manifest source-map@^0.5.7
183 silly packumentCache full:https://registry.npmjs.org/source-map cache-miss
184 http fetch GET 200 https://registry.npmjs.org/source-map 91ms (cache miss)
185 silly packumentCache full:https://registry.npmjs.org/source-map set size:undefined disposed:false
186 silly fetch manifest @emotion/hash@^0.9.2
187 silly packumentCache full:https://registry.npmjs.org/@emotion%2fhash cache-miss
188 http fetch GET 200 https://registry.npmjs.org/escape-string-regexp 98ms (cache miss)
189 silly packumentCache full:https://registry.npmjs.org/escape-string-regexp set size:undefined disposed:false
190 silly fetch manifest @emotion/unitless@^0.10.0
191 silly packumentCache full:https://registry.npmjs.org/@emotion%2funitless cache-miss
192 http fetch GET 200 https://registry.npmjs.org/@babel%2fhelper-module-imports 110ms (cache miss)
193 silly packumentCache full:https://registry.npmjs.org/@babel%2fhelper-module-imports set size:undefined disposed:false
194 silly fetch manifest csstype@^3.0.2
195 silly packumentCache full:https://registry.npmjs.org/csstype cache-miss
196 http cache https://registry.npmjs.org/csstype 1ms (cache hit)
197 silly packumentCache full:https://registry.npmjs.org/csstype set size:274189 disposed:false
198 silly fetch manifest react-is@^16.7.0
199 silly packumentCache full:https://registry.npmjs.org/react-is cache-miss
200 http fetch GET 200 https://registry.npmjs.org/babel-plugin-macros 119ms (cache miss)
201 silly packumentCache full:https://registry.npmjs.org/babel-plugin-macros set size:undefined disposed:false
202 http cache https://registry.npmjs.org/react-is 9ms (cache hit)
203 silly packumentCache full:https://registry.npmjs.org/react-is set size:5297550 disposed:false
204 http fetch GET 200 https://registry.npmjs.org/find-root 137ms (cache miss)
205 silly packumentCache full:https://registry.npmjs.org/find-root set size:undefined disposed:false
206 http fetch GET 200 https://registry.npmjs.org/convert-source-map 139ms (cache miss)
207 silly packumentCache full:https://registry.npmjs.org/convert-source-map set size:undefined disposed:false
208 http fetch GET 200 https://registry.npmjs.org/@emotion%2fhash 145ms (cache miss)
209 silly packumentCache full:https://registry.npmjs.org/@emotion%2fhash set size:undefined disposed:false
210 http fetch GET 200 https://registry.npmjs.org/@emotion%2fhash 102ms (cache miss)
211 silly packumentCache full:https://registry.npmjs.org/@emotion%2fhash set size:undefined disposed:false
212 http fetch GET 200 https://registry.npmjs.org/@emotion%2funitless 117ms (cache miss)
213 silly packumentCache full:https://registry.npmjs.org/@emotion%2funitless set size:undefined disposed:false
214 silly placeDep ROOT @babel/helper-module-imports@7.28.6 OK for: @emotion/babel-plugin@11.13.5 want: ^7.16.7
215 silly placeDep ROOT @emotion/hash@0.9.2 OK for: @emotion/babel-plugin@11.13.5 want: ^0.9.2
216 silly placeDep ROOT babel-plugin-macros@3.1.0 OK for: @emotion/babel-plugin@11.13.5 want: ^3.1.0
217 silly placeDep ROOT convert-source-map@1.9.0 OK for: @emotion/babel-plugin@11.13.5 want: ^1.5.0
218 silly placeDep ROOT escape-string-regexp@4.0.0 OK for: @emotion/babel-plugin@11.13.5 want: ^4.0.0
219 silly placeDep ROOT find-root@1.1.0 OK for: @emotion/babel-plugin@11.13.5 want: ^1.1.0
220 silly placeDep ROOT source-map@0.5.7 OK for: @emotion/babel-plugin@11.13.5 want: ^0.5.7
221 silly fetch manifest @babel/types@^7.28.6
222 silly packumentCache full:https://registry.npmjs.org/@babel%2ftypes cache-miss
223 silly fetch manifest @babel/traverse@^7.28.6
224 silly packumentCache full:https://registry.npmjs.org/@babel%2ftraverse cache-miss
225 silly fetch manifest cosmiconfig@^7.0.0
226 silly packumentCache full:https://registry.npmjs.org/cosmiconfig cache-miss
227 silly fetch manifest resolve@^1.19.0
228 silly packumentCache full:https://registry.npmjs.org/resolve cache-miss
229 http fetch GET 200 https://registry.npmjs.org/@babel%2ftypes 108ms (cache miss)
230 silly packumentCache full:https://registry.npmjs.org/@babel%2ftypes set size:undefined disposed:false
231 http fetch GET 200 https://registry.npmjs.org/cosmiconfig 110ms (cache miss)
232 silly packumentCache full:https://registry.npmjs.org/cosmiconfig set size:undefined disposed:false
233 http fetch GET 200 https://registry.npmjs.org/resolve 146ms (cache miss)
234 silly packumentCache full:https://registry.npmjs.org/resolve set size:undefined disposed:false
235 http fetch GET 200 https://registry.npmjs.org/@babel%2ftraverse 159ms (cache miss)
236 silly packumentCache full:https://registry.npmjs.org/@babel%2ftraverse set size:undefined disposed:false
237 silly placeDep ROOT @babel/traverse@7.29.0 OK for: @babel/helper-module-imports@7.28.6 want: ^7.28.6
238 silly placeDep ROOT @babel/types@7.29.0 OK for: @babel/helper-module-imports@7.28.6 want: ^7.28.6
239 silly fetch manifest debug@^4.3.1
240 silly packumentCache full:https://registry.npmjs.org/debug cache-miss
241 silly fetch manifest @babel/types@^7.29.0
242 silly packumentCache full:https://registry.npmjs.org/@babel%2ftypes cache-miss
243 silly fetch manifest @babel/parser@^7.29.0
244 silly packumentCache full:https://registry.npmjs.org/@babel%2fparser cache-miss
245 silly fetch manifest @babel/template@^7.28.6
246 silly packumentCache full:https://registry.npmjs.org/@babel%2ftemplate cache-miss
247 silly fetch manifest @babel/generator@^7.29.0
248 silly packumentCache full:https://registry.npmjs.org/@babel%2fgenerator cache-miss
249 silly fetch manifest @babel/code-frame@^7.29.0
250 silly packumentCache full:https://registry.npmjs.org/@babel%2fcode-frame cache-miss
251 silly fetch manifest @babel/helper-globals@^7.28.0
252 silly packumentCache full:https://registry.npmjs.org/@babel%2fhelper-globals cache-miss
253 http cache https://registry.npmjs.org/@babel%2ftypes 2ms (cache hit)
254 silly packumentCache full:https://registry.npmjs.org/@babel%2ftypes set size:487885 disposed:false
255 silly fetch manifest @babel/helper-string-parser@^7.27.1
256 silly packumentCache full:https://registry.npmjs.org/@babel%2fhelper-string-parser cache-miss
257 http fetch GET 200 https://registry.npmjs.org/@babel%2fhelper-string-parser 116ms (cache miss)
258 silly packumentCache full:https://registry.npmjs.org/@babel%2fhelper-string-parser set size:undefined disposed:false
259 silly fetch manifest @babel/helper-validator-identifier@^7.28.5
260 silly packumentCache full:https://registry.npmjs.org/@babel%2fhelper-validator-identifier cache-miss
261 http fetch GET 200 https://registry.npmjs.org/@babel%2fparser 125ms (cache miss)
262 silly packumentCache full:https://registry.npmjs.org/@babel%2fparser set size:undefined disposed:false
263 http fetch GET 200 https://registry.npmjs.org/@babel%2fhelper-globals 196ms (cache miss)
264 silly packumentCache full:https://registry.npmjs.org/@babel%2fhelper-globals set size:undefined disposed:false
265 http fetch GET 200 https://registry.npmjs.org/debug 197ms (cache miss)
266 silly packumentCache full:https://registry.npmjs.org/debug set size:undefined disposed:false
267 http fetch GET 200 https://registry.npmjs.org/@babel%2ftemplate 198ms (cache miss)
268 silly packumentCache full:https://registry.npmjs.org/@babel%2ftemplate set size:undefined disposed:false
269 http fetch GET 200 https://registry.npmjs.org/@babel%2fcode-frame 200ms (cache miss)
270 silly packumentCache full:https://registry.npmjs.org/@babel%2fcode-frame set size:undefined disposed:false
271 http fetch GET 200 https://registry.npmjs.org/@babel%2fgenerator 202ms (cache miss)
272 silly packumentCache full:https://registry.npmjs.org/@babel%2fgenerator set size:undefined disposed:false
273 http fetch GET 200 https://registry.npmjs.org/@babel%2fhelper-validator-identifier 107ms (cache miss)
274 silly packumentCache full:https://registry.npmjs.org/@babel%2fhelper-validator-identifier set size:undefined disposed:false
275 silly placeDep ROOT @babel/code-frame@7.29.0 OK for: @babel/traverse@7.29.0 want: ^7.29.0
276 silly placeDep ROOT @babel/generator@7.29.1 OK for: @babel/traverse@7.29.0 want: ^7.29.0
277 silly placeDep ROOT @babel/helper-globals@7.28.0 OK for: @babel/traverse@7.29.0 want: ^7.28.0
278 silly placeDep ROOT @babel/parser@7.29.2 OK for: @babel/traverse@7.29.0 want: ^7.29.0
279 silly placeDep ROOT @babel/template@7.28.6 OK for: @babel/traverse@7.29.0 want: ^7.28.6
280 silly placeDep ROOT debug@4.4.3 OK for: @babel/traverse@7.29.0 want: ^4.3.1
281 silly fetch manifest js-tokens@^4.0.0
282 silly packumentCache full:https://registry.npmjs.org/js-tokens cache-miss
283 silly fetch manifest jsesc@^3.0.2
284 silly packumentCache full:https://registry.npmjs.org/jsesc cache-miss
285 silly fetch manifest @jridgewell/gen-mapping@^0.3.12
286 silly packumentCache full:https://registry.npmjs.org/@jridgewell%2fgen-mapping cache-miss
287 silly fetch manifest @jridgewell/trace-mapping@^0.3.28
288 silly packumentCache full:https://registry.npmjs.org/@jridgewell%2ftrace-mapping cache-miss
289 silly fetch manifest ms@^2.1.3
290 silly packumentCache full:https://registry.npmjs.org/ms cache-miss
291 http fetch GET 200 https://registry.npmjs.org/jsesc 99ms (cache miss)
292 silly packumentCache full:https://registry.npmjs.org/jsesc set size:undefined disposed:false
293 http fetch GET 200 https://registry.npmjs.org/ms 99ms (cache miss)
294 silly packumentCache full:https://registry.npmjs.org/ms set size:undefined disposed:false
295 http fetch GET 200 https://registry.npmjs.org/js-tokens 110ms (cache miss)
296 silly packumentCache full:https://registry.npmjs.org/js-tokens set size:undefined disposed:false
297 http fetch GET 200 https://registry.npmjs.org/@jridgewell%2ftrace-mapping 116ms (cache miss)
298 silly packumentCache full:https://registry.npmjs.org/@jridgewell%2ftrace-mapping set size:undefined disposed:false
299 http fetch GET 200 https://registry.npmjs.org/@jridgewell%2fgen-mapping 148ms (cache miss)
300 silly packumentCache full:https://registry.npmjs.org/@jridgewell%2fgen-mapping set size:undefined disposed:false
301 silly placeDep ROOT @babel/helper-validator-identifier@7.28.5 OK for: @babel/code-frame@7.29.0 want: ^7.28.5
302 silly placeDep ROOT js-tokens@4.0.0 OK for: @babel/code-frame@7.29.0 want: ^4.0.0
303 silly placeDep ROOT @jridgewell/gen-mapping@0.3.13 OK for: @babel/generator@7.29.1 want: ^0.3.12
304 silly placeDep ROOT @jridgewell/trace-mapping@0.3.31 OK for: @babel/generator@7.29.1 want: ^0.3.28
305 silly placeDep ROOT jsesc@3.1.0 OK for: @babel/generator@7.29.1 want: ^3.0.2
306 silly fetch manifest @jridgewell/sourcemap-codec@^1.5.0
307 silly packumentCache full:https://registry.npmjs.org/@jridgewell%2fsourcemap-codec cache-miss
308 silly fetch manifest @jridgewell/trace-mapping@^0.3.24
309 silly packumentCache full:https://registry.npmjs.org/@jridgewell%2ftrace-mapping cache-miss
310 silly fetch manifest @jridgewell/resolve-uri@^3.1.0
311 silly packumentCache full:https://registry.npmjs.org/@jridgewell%2fresolve-uri cache-miss
312 silly fetch manifest @jridgewell/sourcemap-codec@^1.4.14
313 silly packumentCache full:https://registry.npmjs.org/@jridgewell%2fsourcemap-codec cache-miss
314 http cache https://registry.npmjs.org/@jridgewell%2ftrace-mapping 2ms (cache hit)
315 silly packumentCache full:https://registry.npmjs.org/@jridgewell%2ftrace-mapping set size:170909 disposed:false
316 http fetch GET 200 https://registry.npmjs.org/@jridgewell%2fresolve-uri 110ms (cache miss)
317 silly packumentCache full:https://registry.npmjs.org/@jridgewell%2fresolve-uri set size:undefined disposed:false
318 http fetch GET 200 https://registry.npmjs.org/@jridgewell%2fsourcemap-codec 117ms (cache miss)
319 silly packumentCache full:https://registry.npmjs.org/@jridgewell%2fsourcemap-codec set size:undefined disposed:false
320 http fetch GET 200 https://registry.npmjs.org/@jridgewell%2fsourcemap-codec 146ms (cache miss)
321 silly packumentCache full:https://registry.npmjs.org/@jridgewell%2fsourcemap-codec set size:undefined disposed:false
322 silly placeDep ROOT @babel/helper-string-parser@7.27.1 OK for: @babel/types@7.29.0 want: ^7.27.1
323 silly placeDep ROOT @emotion/unitless@0.10.0 OK for: @emotion/serialize@1.3.3 want: ^0.10.0
324 silly placeDep ROOT csstype@3.2.3 OK for: @emotion/serialize@1.3.3 want: ^3.0.2
325 silly placeDep ROOT @floating-ui/core@1.7.5 OK for: @floating-ui/dom@1.7.6 want: ^1.7.5
326 silly placeDep ROOT @floating-ui/utils@0.2.11 OK for: @floating-ui/dom@1.7.6 want: ^0.2.11
327 silly placeDep ROOT @jridgewell/sourcemap-codec@1.5.5 OK for: @jridgewell/gen-mapping@0.3.13 want: ^1.5.0
328 silly placeDep ROOT @jridgewell/resolve-uri@3.1.2 OK for: @jridgewell/trace-mapping@0.3.31 want: ^3.1.0
329 silly placeDep ROOT cosmiconfig@7.1.0 OK for: babel-plugin-macros@3.1.0 want: ^7.0.0
330 silly placeDep ROOT resolve@1.22.11 OK for: babel-plugin-macros@3.1.0 want: ^1.19.0
331 silly fetch manifest yaml@^1.10.0
332 silly packumentCache full:https://registry.npmjs.org/yaml cache-miss
333 silly fetch manifest path-type@^4.0.0
334 silly packumentCache full:https://registry.npmjs.org/path-type cache-miss
335 silly fetch manifest parse-json@^5.0.0
336 silly packumentCache full:https://registry.npmjs.org/parse-json cache-miss
337 silly fetch manifest import-fresh@^3.2.1
338 silly packumentCache full:https://registry.npmjs.org/import-fresh cache-miss
339 silly fetch manifest @types/parse-json@^4.0.0
340 silly packumentCache full:https://registry.npmjs.org/@types%2fparse-json cache-miss
341 silly fetch manifest path-parse@^1.0.7
342 silly packumentCache full:https://registry.npmjs.org/path-parse cache-miss
343 silly fetch manifest is-core-module@^2.16.1
344 silly packumentCache full:https://registry.npmjs.org/is-core-module cache-miss
345 http fetch GET 200 https://registry.npmjs.org/path-parse 92ms (cache miss)
346 silly packumentCache full:https://registry.npmjs.org/path-parse set size:undefined disposed:false
347 silly fetch manifest supports-preserve-symlinks-flag@^1.0.0
348 silly packumentCache full:https://registry.npmjs.org/supports-preserve-symlinks-flag cache-miss
349 http fetch GET 200 https://registry.npmjs.org/parse-json 100ms (cache miss)
350 silly packumentCache full:https://registry.npmjs.org/parse-json set size:undefined disposed:false
351 http fetch GET 200 https://registry.npmjs.org/@types%2fparse-json 100ms (cache miss)
352 silly packumentCache full:https://registry.npmjs.org/@types%2fparse-json set size:undefined disposed:false
353 http fetch GET 200 https://registry.npmjs.org/path-type 101ms (cache miss)
354 silly packumentCache full:https://registry.npmjs.org/path-type set size:undefined disposed:false
355 http fetch GET 200 https://registry.npmjs.org/import-fresh 101ms (cache miss)
356 silly packumentCache full:https://registry.npmjs.org/import-fresh set size:undefined disposed:false
357 http fetch GET 200 https://registry.npmjs.org/yaml 117ms (cache miss)
358 silly packumentCache full:https://registry.npmjs.org/yaml set size:undefined disposed:false
359 http fetch GET 200 https://registry.npmjs.org/is-core-module 119ms (cache miss)
360 silly packumentCache full:https://registry.npmjs.org/is-core-module set size:undefined disposed:false
361 http fetch GET 200 https://registry.npmjs.org/supports-preserve-symlinks-flag 94ms (cache miss)
362 silly packumentCache full:https://registry.npmjs.org/supports-preserve-symlinks-flag set size:undefined disposed:false
363 silly placeDep ROOT @types/parse-json@4.0.2 OK for: cosmiconfig@7.1.0 want: ^4.0.0
364 silly placeDep ROOT import-fresh@3.3.1 OK for: cosmiconfig@7.1.0 want: ^3.2.1
365 silly placeDep ROOT parse-json@5.2.0 OK for: cosmiconfig@7.1.0 want: ^5.0.0
366 silly placeDep ROOT path-type@4.0.0 OK for: cosmiconfig@7.1.0 want: ^4.0.0
367 silly placeDep ROOT yaml@1.10.2 OK for: cosmiconfig@7.1.0 want: ^1.10.0
368 silly fetch manifest resolve-from@^4.0.0
369 silly packumentCache full:https://registry.npmjs.org/resolve-from cache-miss
370 silly fetch manifest parent-module@^1.0.0
371 silly packumentCache full:https://registry.npmjs.org/parent-module cache-miss
372 silly fetch manifest error-ex@^1.3.1
373 silly packumentCache full:https://registry.npmjs.org/error-ex cache-miss
374 silly fetch manifest lines-and-columns@^1.1.6
375 silly packumentCache full:https://registry.npmjs.org/lines-and-columns cache-miss
376 silly fetch manifest json-parse-even-better-errors@^2.3.0
377 silly packumentCache full:https://registry.npmjs.org/json-parse-even-better-errors cache-miss
378 http fetch GET 200 https://registry.npmjs.org/resolve-from 94ms (cache miss)
379 silly packumentCache full:https://registry.npmjs.org/resolve-from set size:undefined disposed:false
380 http fetch GET 200 https://registry.npmjs.org/parent-module 97ms (cache miss)
381 silly packumentCache full:https://registry.npmjs.org/parent-module set size:undefined disposed:false
382 http fetch GET 200 https://registry.npmjs.org/json-parse-even-better-errors 98ms (cache miss)
383 silly packumentCache full:https://registry.npmjs.org/json-parse-even-better-errors set size:undefined disposed:false
384 http fetch GET 200 https://registry.npmjs.org/lines-and-columns 98ms (cache miss)
385 silly packumentCache full:https://registry.npmjs.org/lines-and-columns set size:undefined disposed:false
386 http fetch GET 200 https://registry.npmjs.org/error-ex 103ms (cache miss)
387 silly packumentCache full:https://registry.npmjs.org/error-ex set size:undefined disposed:false
388 silly placeDep ROOT ms@2.1.3 OK for: debug@4.4.3 want: ^2.1.3
389 silly placeDep ROOT react-is@16.13.1 OK for: hoist-non-react-statics@3.3.2 want: ^16.7.0
390 silly placeDep ROOT parent-module@1.0.1 OK for: import-fresh@3.3.1 want: ^1.0.0
391 silly placeDep ROOT resolve-from@4.0.0 OK for: import-fresh@3.3.1 want: ^4.0.0
392 silly fetch manifest callsites@^3.0.0
393 silly packumentCache full:https://registry.npmjs.org/callsites cache-miss
394 http fetch GET 200 https://registry.npmjs.org/callsites 179ms (cache miss)
395 silly packumentCache full:https://registry.npmjs.org/callsites set size:undefined disposed:false
396 silly placeDep ROOT callsites@3.1.0 OK for: parent-module@1.0.1 want: ^3.0.0
397 silly placeDep ROOT error-ex@1.3.4 OK for: parse-json@5.2.0 want: ^1.3.1
398 silly placeDep ROOT json-parse-even-better-errors@2.3.1 OK for: parse-json@5.2.0 want: ^2.3.0
399 silly placeDep ROOT lines-and-columns@1.2.4 OK for: parse-json@5.2.0 want: ^1.1.6
400 silly fetch manifest is-arrayish@^0.2.1
401 silly packumentCache full:https://registry.npmjs.org/is-arrayish cache-miss
402 http fetch GET 200 https://registry.npmjs.org/is-arrayish 91ms (cache miss)
403 silly packumentCache full:https://registry.npmjs.org/is-arrayish set size:undefined disposed:false
404 silly placeDep ROOT is-arrayish@0.2.1 OK for: error-ex@1.3.4 want: ^0.2.1
405 silly placeDep ROOT loose-envify@1.4.0 OK for: prop-types@15.8.1 want: ^1.4.0
406 silly placeDep ROOT object-assign@4.1.1 OK for: prop-types@15.8.1 want: ^4.1.1
407 silly placeDep ROOT dom-helpers@5.2.1 OK for: react-transition-group@4.4.5 want: ^5.0.1
408 silly placeDep ROOT is-core-module@2.16.1 OK for: resolve@1.22.11 want: ^2.16.1
409 silly placeDep ROOT path-parse@1.0.7 OK for: resolve@1.22.11 want: ^1.0.7
410 silly placeDep ROOT supports-preserve-symlinks-flag@1.0.0 OK for: resolve@1.22.11 want: ^1.0.0
411 verbose stack HttpErrorGeneral: 404 Not Found - GET https://registry.npmjs.org/submerged. - Not found
411 verbose stack     at /usr/local/lib/node_modules/npm/node_modules/npm-registry-fetch/lib/check-response.js:103:15
411 verbose stack     at process.processTicksAndRejections (node:internal/process/task_queues:103:5)
411 verbose stack     at async RegistryFetcher.packument (/usr/local/lib/node_modules/npm/node_modules/pacote/lib/registry.js:90:19)
411 verbose stack     at async RegistryFetcher.manifest (/usr/local/lib/node_modules/npm/node_modules/pacote/lib/registry.js:128:23)
411 verbose stack     at async #fetchManifest (/usr/local/lib/node_modules/npm/node_modules/@npmcli/arborist/lib/arborist/build-ideal-tree.js:1227:20)
411 verbose stack     at async #nodeFromEdge (/usr/local/lib/node_modules/npm/node_modules/@npmcli/arborist/lib/arborist/build-ideal-tree.js:1065:19)
411 verbose stack     at async #buildDepStep (/usr/local/lib/node_modules/npm/node_modules/@npmcli/arborist/lib/arborist/build-ideal-tree.js:929:11)
411 verbose stack     at async Arborist.buildIdealTree (/usr/local/lib/node_modules/npm/node_modules/@npmcli/arborist/lib/arborist/build-ideal-tree.js:182:7)
411 verbose stack     at async Promise.all (index 1)
411 verbose stack     at async Arborist.reify (/usr/local/lib/node_modules/npm/node_modules/@npmcli/arborist/lib/arborist/reify.js:114:5)
412 verbose statusCode 404
413 verbose pkgid submerged.@*
414 error code E404
415 error 404 Not Found - GET https://registry.npmjs.org/submerged. - Not found
416 error 404
417 error 404  The requested resource 'submerged.@*' could not be found or you do not have permission to access it.
418 error 404
419 error 404 Note that you can also install from a
420 error 404 tarball, folder, http url, or git url.
421 silly unfinished npm timer reify 1773763165470
422 silly unfinished npm timer reify:loadTrees 1773763165471
423 verbose cwd /Applications/XAMPP/xamppfiles/htdocs/Test 1/titas_clone/frontend-next
424 verbose os Darwin 25.3.0
425 verbose node v24.13.0
426 verbose npm  v11.6.2
427 verbose exit 1
428 verbose code 1
429 error A complete log of this run can be found in: /Applications/XAMPP/xamppfiles/htdocs/Test 1/titas_clone/frontend-next/.npm-cache/_logs/2026-03-17T15_59_25_214Z-debug-0.log
