0 verbose cli /usr/local/bin/node /usr/local/bin/npm
1 info using npm@11.6.2
2 info using node@v24.13.0
3 silly config load:file:/usr/local/lib/node_modules/npm/npmrc
4 silly config load:file:/Applications/XAMPP/xamppfiles/htdocs/Test 1/titas_clone/frontend-next/.npmrc
5 silly config load:file:/Users/robin/.npmrc
6 silly config load:file:/usr/local/etc/npmrc
7 verbose title npm install next react react-dom lucide-react axios
8 verbose argv "install" "--cache" "./.npm-cache" "next" "react" "react-dom" "lucide-react" "axios"
9 verbose logfile logs-max:10 dir:/Applications/XAMPP/xamppfiles/htdocs/Test 1/titas_clone/frontend-next/.npm-cache/_logs/2026-03-17T15_38_06_466Z-
10 verbose logfile /Applications/XAMPP/xamppfiles/htdocs/Test 1/titas_clone/frontend-next/.npm-cache/_logs/2026-03-17T15_38_06_466Z-debug-0.log
11 silly logfile done cleaning log files
12 silly packumentCache heap:4496293888 maxSize:1124073472 maxEntrySize:562036736
13 silly idealTree buildDeps
14 silly fetch manifest next@*
15 silly packumentCache full:https://registry.npmjs.org/next cache-miss
16 http fetch GET 200 https://registry.npmjs.org/npm 551ms
17 http fetch GET 200 https://registry.npmjs.org/next 1064ms (cache miss)
18 silly packumentCache full:https://registry.npmjs.org/next set size:undefined disposed:false
19 silly fetch manifest @opentelemetry/api@^1.1.0
20 silly packumentCache full:https://registry.npmjs.org/@opentelemetry%2fapi cache-miss
21 http fetch GET 200 https://registry.npmjs.org/@opentelemetry%2fapi 159ms (cache miss)
22 silly packumentCache full:https://registry.npmjs.org/@opentelemetry%2fapi set size:undefined disposed:false
23 silly fetch manifest @playwright/test@^1.51.1
24 silly packumentCache full:https://registry.npmjs.org/@playwright%2ftest cache-miss
25 http fetch GET 200 https://registry.npmjs.org/@playwright%2ftest 415ms (cache miss)
26 silly packumentCache full:https://registry.npmjs.org/@playwright%2ftest set size:undefined disposed:false
27 silly fetch manifest babel-plugin-react-compiler@*
28 silly packumentCache full:https://registry.npmjs.org/babel-plugin-react-compiler cache-miss
29 http fetch GET 200 https://registry.npmjs.org/babel-plugin-react-compiler 123ms (cache miss)
30 silly packumentCache full:https://registry.npmjs.org/babel-plugin-react-compiler set size:undefined disposed:false
31 silly fetch manifest react@*
32 silly packumentCache full:https://registry.npmjs.org/react cache-miss
33 http fetch GET 200 https://registry.npmjs.org/react 276ms (cache miss)
34 silly packumentCache full:https://registry.npmjs.org/react set size:undefined disposed:false
35 silly fetch manifest react-dom@*
36 silly packumentCache full:https://registry.npmjs.org/react-dom cache-miss
37 http fetch GET 200 https://registry.npmjs.org/react-dom 381ms (cache miss)
38 silly packumentCache full:https://registry.npmjs.org/react-dom set size:undefined disposed:false
39 silly fetch manifest sass@^1.3.0
40 silly packumentCache full:https://registry.npmjs.org/sass cache-miss
41 http fetch GET 200 https://registry.npmjs.org/sass 157ms (cache miss)
42 silly packumentCache full:https://registry.npmjs.org/sass set size:undefined disposed:false
43 silly fetch manifest lucide-react@*
44 silly packumentCache full:https://registry.npmjs.org/lucide-react cache-miss
45 http fetch GET 200 https://registry.npmjs.org/lucide-react 161ms (cache miss)
46 silly packumentCache full:https://registry.npmjs.org/lucide-react set size:undefined disposed:false
47 silly fetch manifest axios@*
48 silly packumentCache full:https://registry.npmjs.org/axios cache-miss
49 http fetch GET 200 https://registry.npmjs.org/axios 114ms (cache miss)
50 silly packumentCache full:https://registry.npmjs.org/axios set size:undefined disposed:false
51 silly placeDep ROOT axios@1.13.6 OK for: frontend-next@1.0.0 want: *
52 silly placeDep ROOT lucide-react@0.577.0 OK for: frontend-next@1.0.0 want: *
53 silly placeDep ROOT react@19.2.4 OK for: lucide-react@0.577.0 want: ^16.5.1 || ^17.0.0 || ^18.0.0 || ^19.0.0
54 silly placeDep ROOT next@16.1.7 OK for: frontend-next@1.0.0 want: *
55 silly placeDep ROOT react-dom@19.2.4 OK for: next@16.1.7 want: ^18.2.0 || 19.0.0-rc-de68d2f4-20241204 || ^19.0.0
56 silly placeDep ROOT react@19.2.4 REPLACE for: frontend-next@1.0.0 want: *
57 silly placeDep ROOT react-dom@19.2.4 REPLACE for: frontend-next@1.0.0 want: *
58 silly fetch manifest follow-redirects@^1.15.11
59 silly packumentCache full:https://registry.npmjs.org/follow-redirects cache-miss
60 silly fetch manifest form-data@^4.0.5
61 silly packumentCache full:https://registry.npmjs.org/form-data cache-miss
62 silly fetch manifest proxy-from-env@^1.1.0
63 silly packumentCache full:https://registry.npmjs.org/proxy-from-env cache-miss
64 silly fetch manifest postcss@8.4.31
65 silly packumentCache full:https://registry.npmjs.org/postcss cache-miss
66 silly fetch manifest @next/env@16.1.7
67 silly packumentCache full:https://registry.npmjs.org/@next%2fenv cache-miss
68 silly fetch manifest styled-jsx@5.1.6
69 silly packumentCache full:https://registry.npmjs.org/styled-jsx cache-miss
70 silly fetch manifest @swc/helpers@0.5.15
71 silly packumentCache full:https://registry.npmjs.org/@swc%2fhelpers cache-miss
72 http fetch GET 200 https://registry.npmjs.org/form-data 108ms (cache miss)
73 silly packumentCache full:https://registry.npmjs.org/form-data set size:undefined disposed:false
74 silly fetch manifest caniuse-lite@^1.0.30001579
75 silly packumentCache full:https://registry.npmjs.org/caniuse-lite cache-miss
76 http fetch GET 200 https://registry.npmjs.org/follow-redirects 113ms (cache miss)
77 silly packumentCache full:https://registry.npmjs.org/follow-redirects set size:undefined disposed:false
78 silly fetch manifest baseline-browser-mapping@^2.9.19
79 silly packumentCache full:https://registry.npmjs.org/baseline-browser-mapping cache-miss
80 http fetch GET 200 https://registry.npmjs.org/baseline-browser-mapping 129ms (cache miss)
81 silly packumentCache full:https://registry.npmjs.org/baseline-browser-mapping set size:undefined disposed:false
82 silly fetch manifest sharp@^0.34.4
83 silly packumentCache full:https://registry.npmjs.org/sharp cache-miss
84 http fetch GET 200 https://registry.npmjs.org/caniuse-lite 205ms (cache miss)
85 silly packumentCache full:https://registry.npmjs.org/caniuse-lite set size:undefined disposed:false
86 silly fetch manifest @next/swc-darwin-x64@16.1.7
87 silly packumentCache full:https://registry.npmjs.org/@next%2fswc-darwin-x64 cache-miss
88 http fetch GET 200 https://registry.npmjs.org/proxy-from-env 420ms (cache miss)
89 silly packumentCache full:https://registry.npmjs.org/proxy-from-env set size:undefined disposed:false
90 silly fetch manifest @next/swc-darwin-arm64@16.1.7
91 silly packumentCache full:https://registry.npmjs.org/@next%2fswc-darwin-arm64 cache-miss
92 http fetch GET 200 https://registry.npmjs.org/sharp 182ms (cache miss)
93 silly packumentCache full:https://registry.npmjs.org/sharp set size:undefined disposed:false
94 silly fetch manifest @next/swc-linux-x64-gnu@16.1.7
95 silly packumentCache full:https://registry.npmjs.org/@next%2fswc-linux-x64-gnu cache-miss
96 http fetch GET 200 https://registry.npmjs.org/styled-jsx 467ms (cache miss)
97 silly packumentCache full:https://registry.npmjs.org/styled-jsx set size:undefined disposed:false
98 silly fetch manifest @next/swc-linux-x64-musl@16.1.7
99 silly packumentCache full:https://registry.npmjs.org/@next%2fswc-linux-x64-musl cache-miss
100 http fetch GET 200 https://registry.npmjs.org/postcss 601ms (cache miss)
101 silly packumentCache full:https://registry.npmjs.org/postcss set size:undefined disposed:false
102 silly fetch manifest @next/swc-win32-x64-msvc@16.1.7
103 silly packumentCache full:https://registry.npmjs.org/@next%2fswc-win32-x64-msvc cache-miss
104 http fetch GET 200 https://registry.npmjs.org/@next%2fswc-darwin-x64 329ms (cache miss)
105 silly packumentCache full:https://registry.npmjs.org/@next%2fswc-darwin-x64 set size:undefined disposed:false
106 silly fetch manifest @next/swc-linux-arm64-gnu@16.1.7
107 silly packumentCache full:https://registry.npmjs.org/@next%2fswc-linux-arm64-gnu cache-miss
108 http fetch GET 200 https://registry.npmjs.org/@swc%2fhelpers 1060ms (cache miss)
109 silly packumentCache full:https://registry.npmjs.org/@swc%2fhelpers set size:undefined disposed:false
110 silly fetch manifest @next/swc-linux-arm64-musl@16.1.7
111 silly packumentCache full:https://registry.npmjs.org/@next%2fswc-linux-arm64-musl cache-miss
112 http fetch GET 200 https://registry.npmjs.org/@next%2fswc-linux-x64-gnu 787ms (cache miss)
113 silly packumentCache full:https://registry.npmjs.org/@next%2fswc-linux-x64-gnu set size:undefined disposed:false
114 silly fetch manifest @next/swc-win32-arm64-msvc@16.1.7
115 silly packumentCache full:https://registry.npmjs.org/@next%2fswc-win32-arm64-msvc cache-miss
116 http fetch GET 200 https://registry.npmjs.org/@next%2fswc-linux-arm64-gnu 669ms (cache miss)
117 silly packumentCache full:https://registry.npmjs.org/@next%2fswc-linux-arm64-gnu set size:undefined disposed:false
118 silly fetch manifest scheduler@^0.27.0
119 silly packumentCache full:https://registry.npmjs.org/scheduler cache-miss
120 http fetch GET 200 https://registry.npmjs.org/@next%2fswc-linux-x64-musl 1360ms (cache miss)
121 silly packumentCache full:https://registry.npmjs.org/@next%2fswc-linux-x64-musl set size:undefined disposed:false
122 silly fetch manifest scheduler@^0.27.0
123 silly packumentCache full:https://registry.npmjs.org/scheduler cache-miss
124 http fetch GET 200 https://registry.npmjs.org/scheduler 591ms (cache miss)
125 silly packumentCache full:https://registry.npmjs.org/scheduler set size:undefined disposed:false
126 http fetch GET 200 https://registry.npmjs.org/@next%2fenv 2076ms (cache miss)
127 silly packumentCache full:https://registry.npmjs.org/@next%2fenv set size:undefined disposed:false
128 http fetch GET 200 https://registry.npmjs.org/@next%2fswc-win32-x64-msvc 1493ms (cache miss)
129 silly packumentCache full:https://registry.npmjs.org/@next%2fswc-win32-x64-msvc set size:undefined disposed:false
130 http fetch GET 200 https://registry.npmjs.org/@next%2fswc-darwin-arm64 1752ms (cache miss)
131 silly packumentCache full:https://registry.npmjs.org/@next%2fswc-darwin-arm64 set size:undefined disposed:false
132 http fetch GET 200 https://registry.npmjs.org/@next%2fswc-linux-arm64-musl 1389ms (cache miss)
133 silly packumentCache full:https://registry.npmjs.org/@next%2fswc-linux-arm64-musl set size:undefined disposed:false
134 http fetch GET 200 https://registry.npmjs.org/@next%2fswc-win32-arm64-msvc 1298ms (cache miss)
135 silly packumentCache full:https://registry.npmjs.org/@next%2fswc-win32-arm64-msvc set size:undefined disposed:false
136 http fetch GET 200 https://registry.npmjs.org/scheduler 761ms (cache miss)
137 silly packumentCache full:https://registry.npmjs.org/scheduler set size:undefined disposed:false
138 silly placeDep ROOT follow-redirects@1.15.11 OK for: axios@1.13.6 want: ^1.15.11
139 silly placeDep ROOT form-data@4.0.5 OK for: axios@1.13.6 want: ^4.0.5
140 silly placeDep ROOT proxy-from-env@1.1.0 OK for: axios@1.13.6 want: ^1.1.0
141 silly fetch manifest asynckit@^0.4.0
142 silly packumentCache full:https://registry.npmjs.org/asynckit cache-miss
143 silly fetch manifest combined-stream@^1.0.8
144 silly packumentCache full:https://registry.npmjs.org/combined-stream cache-miss
145 silly fetch manifest es-set-tostringtag@^2.1.0
146 silly packumentCache full:https://registry.npmjs.org/es-set-tostringtag cache-miss
147 silly fetch manifest hasown@^2.0.2
148 silly packumentCache full:https://registry.npmjs.org/hasown cache-miss
149 silly fetch manifest mime-types@^2.1.12
150 silly packumentCache full:https://registry.npmjs.org/mime-types cache-miss
151 http fetch GET 200 https://registry.npmjs.org/asynckit 91ms (cache miss)
152 silly packumentCache full:https://registry.npmjs.org/asynckit set size:undefined disposed:false
153 http fetch GET 200 https://registry.npmjs.org/combined-stream 99ms (cache miss)
154 silly packumentCache full:https://registry.npmjs.org/combined-stream set size:undefined disposed:false
155 http fetch GET 200 https://registry.npmjs.org/hasown 103ms (cache miss)
156 silly packumentCache full:https://registry.npmjs.org/hasown set size:undefined disposed:false
157 http fetch GET 200 https://registry.npmjs.org/es-set-tostringtag 104ms (cache miss)
158 silly packumentCache full:https://registry.npmjs.org/es-set-tostringtag set size:undefined disposed:false
159 http fetch GET 200 https://registry.npmjs.org/mime-types 128ms (cache miss)
160 silly packumentCache full:https://registry.npmjs.org/mime-types set size:undefined disposed:false
161 silly placeDep ROOT asynckit@0.4.0 OK for: form-data@4.0.5 want: ^0.4.0
162 silly placeDep ROOT combined-stream@1.0.8 OK for: form-data@4.0.5 want: ^1.0.8
163 silly placeDep ROOT es-set-tostringtag@2.1.0 OK for: form-data@4.0.5 want: ^2.1.0
164 silly placeDep ROOT hasown@2.0.2 OK for: form-data@4.0.5 want: ^2.0.2
165 silly placeDep ROOT mime-types@2.1.35 OK for: form-data@4.0.5 want: ^2.1.12
166 silly fetch manifest delayed-stream@~1.0.0
167 silly packumentCache full:https://registry.npmjs.org/delayed-stream cache-miss
168 silly fetch manifest es-errors@^1.3.0
169 silly packumentCache full:https://registry.npmjs.org/es-errors cache-miss
170 silly fetch manifest get-intrinsic@^1.2.6
171 silly packumentCache full:https://registry.npmjs.org/get-intrinsic cache-miss
172 silly fetch manifest has-tostringtag@^1.0.2
173 silly packumentCache full:https://registry.npmjs.org/has-tostringtag cache-miss
174 silly fetch manifest function-bind@^1.1.2
175 silly packumentCache full:https://registry.npmjs.org/function-bind cache-miss
176 silly fetch manifest mime-db@1.52.0
177 silly packumentCache full:https://registry.npmjs.org/mime-db cache-miss
178 http fetch GET 200 https://registry.npmjs.org/has-tostringtag 95ms (cache miss)
179 silly packumentCache full:https://registry.npmjs.org/has-tostringtag set size:undefined disposed:false
180 http fetch GET 200 https://registry.npmjs.org/get-intrinsic 99ms (cache miss)
181 silly packumentCache full:https://registry.npmjs.org/get-intrinsic set size:undefined disposed:false
182 http fetch GET 200 https://registry.npmjs.org/delayed-stream 99ms (cache miss)
183 silly packumentCache full:https://registry.npmjs.org/delayed-stream set size:undefined disposed:false
184 http fetch GET 200 https://registry.npmjs.org/function-bind 103ms (cache miss)
185 silly packumentCache full:https://registry.npmjs.org/function-bind set size:undefined disposed:false
186 http fetch GET 200 https://registry.npmjs.org/es-errors 105ms (cache miss)
187 silly packumentCache full:https://registry.npmjs.org/es-errors set size:undefined disposed:false
188 http fetch GET 200 https://registry.npmjs.org/mime-db 137ms (cache miss)
189 silly packumentCache full:https://registry.npmjs.org/mime-db set size:undefined disposed:false
190 silly placeDep ROOT delayed-stream@1.0.0 OK for: combined-stream@1.0.8 want: ~1.0.0
191 silly placeDep ROOT es-errors@1.3.0 OK for: es-set-tostringtag@2.1.0 want: ^1.3.0
192 silly placeDep ROOT get-intrinsic@1.3.0 OK for: es-set-tostringtag@2.1.0 want: ^1.2.6
193 silly placeDep ROOT has-tostringtag@1.0.2 OK for: es-set-tostringtag@2.1.0 want: ^1.0.2
194 silly fetch manifest gopd@^1.2.0
195 silly packumentCache full:https://registry.npmjs.org/gopd cache-miss
196 silly fetch manifest get-proto@^1.0.1
197 silly packumentCache full:https://registry.npmjs.org/get-proto cache-miss
198 silly fetch manifest has-symbols@^1.1.0
199 silly packumentCache full:https://registry.npmjs.org/has-symbols cache-miss
200 silly fetch manifest es-object-atoms@^1.1.1
201 silly packumentCache full:https://registry.npmjs.org/es-object-atoms cache-miss
202 silly fetch manifest math-intrinsics@^1.1.0
203 silly packumentCache full:https://registry.npmjs.org/math-intrinsics cache-miss
204 silly fetch manifest es-define-property@^1.0.1
205 silly packumentCache full:https://registry.npmjs.org/es-define-property cache-miss
206 silly fetch manifest call-bind-apply-helpers@^1.0.2
207 silly packumentCache full:https://registry.npmjs.org/call-bind-apply-helpers cache-miss
208 http fetch GET 200 https://registry.npmjs.org/call-bind-apply-helpers 108ms (cache miss)
209 silly packumentCache full:https://registry.npmjs.org/call-bind-apply-helpers set size:undefined disposed:false
210 silly fetch manifest has-symbols@^1.0.3
211 silly packumentCache full:https://registry.npmjs.org/has-symbols cache-miss
212 http fetch GET 200 https://registry.npmjs.org/gopd 111ms (cache miss)
213 silly packumentCache full:https://registry.npmjs.org/gopd set size:undefined disposed:false
214 http fetch GET 200 https://registry.npmjs.org/es-object-atoms 115ms (cache miss)
215 silly packumentCache full:https://registry.npmjs.org/es-object-atoms set size:undefined disposed:false
216 http fetch GET 200 https://registry.npmjs.org/math-intrinsics 116ms (cache miss)
217 silly packumentCache full:https://registry.npmjs.org/math-intrinsics set size:undefined disposed:false
218 http fetch GET 200 https://registry.npmjs.org/get-proto 117ms (cache miss)
219 silly packumentCache full:https://registry.npmjs.org/get-proto set size:undefined disposed:false
220 http fetch GET 200 https://registry.npmjs.org/es-define-property 117ms (cache miss)
221 silly packumentCache full:https://registry.npmjs.org/es-define-property set size:undefined disposed:false
222 http fetch GET 200 https://registry.npmjs.org/has-symbols 118ms (cache miss)
223 silly packumentCache full:https://registry.npmjs.org/has-symbols set size:undefined disposed:false
224 http fetch GET 200 https://registry.npmjs.org/has-symbols 95ms (cache miss)
225 silly packumentCache full:https://registry.npmjs.org/has-symbols set size:undefined disposed:false
226 silly placeDep ROOT call-bind-apply-helpers@1.0.2 OK for: get-intrinsic@1.3.0 want: ^1.0.2
227 silly placeDep ROOT es-define-property@1.0.1 OK for: get-intrinsic@1.3.0 want: ^1.0.1
228 silly placeDep ROOT es-object-atoms@1.1.1 OK for: get-intrinsic@1.3.0 want: ^1.1.1
229 silly placeDep ROOT function-bind@1.1.2 OK for: get-intrinsic@1.3.0 want: ^1.1.2
230 silly placeDep ROOT get-proto@1.0.1 OK for: get-intrinsic@1.3.0 want: ^1.0.1
231 silly placeDep ROOT gopd@1.2.0 OK for: get-intrinsic@1.3.0 want: ^1.2.0
232 silly placeDep ROOT has-symbols@1.1.0 OK for: get-intrinsic@1.3.0 want: ^1.1.0
233 silly placeDep ROOT math-intrinsics@1.1.0 OK for: get-intrinsic@1.3.0 want: ^1.1.0
234 silly fetch manifest dunder-proto@^1.0.1
235 silly packumentCache full:https://registry.npmjs.org/dunder-proto cache-miss
236 http fetch GET 200 https://registry.npmjs.org/dunder-proto 117ms (cache miss)
237 silly packumentCache full:https://registry.npmjs.org/dunder-proto set size:undefined disposed:false
238 silly placeDep ROOT dunder-proto@1.0.1 OK for: get-proto@1.0.1 want: ^1.0.1
239 silly placeDep ROOT mime-db@1.52.0 OK for: mime-types@2.1.35 want: 1.52.0
240 silly fetch manifest react@^18.2.0 || 19.0.0-rc-de68d2f4-20241204 || ^19.0.0
241 silly packumentCache full:https://registry.npmjs.org/react cache-miss
242 http cache https://registry.npmjs.org/react 8ms (cache hit)
243 silly packumentCache full:https://registry.npmjs.org/react set size:6543561 disposed:false
244 silly placeDep ROOT @next/env@16.1.7 OK for: next@16.1.7 want: 16.1.7
245 silly placeDep ROOT @next/swc-darwin-arm64@16.1.7 OK for: next@16.1.7 want: 16.1.7
246 silly placeDep ROOT @next/swc-darwin-x64@16.1.7 OK for: next@16.1.7 want: 16.1.7
247 silly placeDep ROOT @next/swc-linux-arm64-gnu@16.1.7 OK for: next@16.1.7 want: 16.1.7
248 silly placeDep ROOT @next/swc-linux-arm64-musl@16.1.7 OK for: next@16.1.7 want: 16.1.7
249 silly placeDep ROOT @next/swc-linux-x64-gnu@16.1.7 OK for: next@16.1.7 want: 16.1.7
250 silly placeDep ROOT @next/swc-linux-x64-musl@16.1.7 OK for: next@16.1.7 want: 16.1.7
251 silly placeDep ROOT @next/swc-win32-arm64-msvc@16.1.7 OK for: next@16.1.7 want: 16.1.7
252 silly placeDep ROOT @next/swc-win32-x64-msvc@16.1.7 OK for: next@16.1.7 want: 16.1.7
253 silly placeDep ROOT @swc/helpers@0.5.15 OK for: next@16.1.7 want: 0.5.15
254 silly placeDep ROOT baseline-browser-mapping@2.10.8 OK for: next@16.1.7 want: ^2.9.19
255 silly placeDep ROOT caniuse-lite@1.0.30001780 OK for: next@16.1.7 want: ^1.0.30001579
256 silly placeDep ROOT postcss@8.4.31 OK for: next@16.1.7 want: 8.4.31
257 silly placeDep ROOT sharp@0.34.5 OK for: next@16.1.7 want: ^0.34.4
258 silly placeDep ROOT styled-jsx@5.1.6 OK for: next@16.1.7 want: 5.1.6
259 silly fetch manifest tslib@^2.8.0
260 silly packumentCache full:https://registry.npmjs.org/tslib cache-miss
261 silly fetch manifest nanoid@^3.3.6
262 silly packumentCache full:https://registry.npmjs.org/nanoid cache-miss
263 silly fetch manifest picocolors@^1.0.0
264 silly packumentCache full:https://registry.npmjs.org/picocolors cache-miss
265 silly fetch manifest source-map-js@^1.0.2
266 silly packumentCache full:https://registry.npmjs.org/source-map-js cache-miss
267 silly fetch manifest semver@^7.7.3
268 silly packumentCache full:https://registry.npmjs.org/semver cache-miss
269 silly fetch manifest @img/colour@^1.0.0
270 silly packumentCache full:https://registry.npmjs.org/@img%2fcolour cache-miss
271 silly fetch manifest detect-libc@^2.1.2
272 silly packumentCache full:https://registry.npmjs.org/detect-libc cache-miss
273 http fetch GET 200 https://registry.npmjs.org/source-map-js 114ms (cache miss)
274 silly packumentCache full:https://registry.npmjs.org/source-map-js set size:undefined disposed:false
275 silly fetch manifest @img/sharp-wasm32@0.34.5
276 silly packumentCache full:https://registry.npmjs.org/@img%2fsharp-wasm32 cache-miss
277 http fetch GET 200 https://registry.npmjs.org/tslib 115ms (cache miss)
278 silly packumentCache full:https://registry.npmjs.org/tslib set size:undefined disposed:false
279 silly fetch manifest @img/sharp-linux-arm@0.34.5
280 silly packumentCache full:https://registry.npmjs.org/@img%2fsharp-linux-arm cache-miss
281 http fetch GET 200 https://registry.npmjs.org/picocolors 117ms (cache miss)
282 silly packumentCache full:https://registry.npmjs.org/picocolors set size:undefined disposed:false
283 silly fetch manifest @img/sharp-linux-x64@0.34.5
284 silly packumentCache full:https://registry.npmjs.org/@img%2fsharp-linux-x64 cache-miss
285 http fetch GET 200 https://registry.npmjs.org/detect-libc 119ms (cache miss)
286 silly packumentCache full:https://registry.npmjs.org/detect-libc set size:undefined disposed:false
287 silly fetch manifest @img/sharp-win32-x64@0.34.5
288 silly packumentCache full:https://registry.npmjs.org/@img%2fsharp-win32-x64 cache-miss
289 http fetch GET 200 https://registry.npmjs.org/semver 123ms (cache miss)
290 silly packumentCache full:https://registry.npmjs.org/semver set size:undefined disposed:false
291 silly fetch manifest @img/sharp-darwin-x64@0.34.5
292 silly packumentCache full:https://registry.npmjs.org/@img%2fsharp-darwin-x64 cache-miss
293 http fetch GET 200 https://registry.npmjs.org/nanoid 140ms (cache miss)
294 silly packumentCache full:https://registry.npmjs.org/nanoid set size:undefined disposed:false
295 silly fetch manifest @img/sharp-win32-ia32@0.34.5
296 silly packumentCache full:https://registry.npmjs.org/@img%2fsharp-win32-ia32 cache-miss
297 http fetch GET 200 https://registry.npmjs.org/@img%2fsharp-wasm32 120ms (cache miss)
298 silly packumentCache full:https://registry.npmjs.org/@img%2fsharp-wasm32 set size:undefined disposed:false
299 silly fetch manifest @img/sharp-linux-arm64@0.34.5
300 silly packumentCache full:https://registry.npmjs.org/@img%2fsharp-linux-arm64 cache-miss
301 http fetch GET 200 https://registry.npmjs.org/@img%2fsharp-win32-x64 121ms (cache miss)
302 silly packumentCache full:https://registry.npmjs.org/@img%2fsharp-win32-x64 set size:undefined disposed:false
303 silly fetch manifest @img/sharp-linux-ppc64@0.34.5
304 silly packumentCache full:https://registry.npmjs.org/@img%2fsharp-linux-ppc64 cache-miss
305 http fetch GET 200 https://registry.npmjs.org/@img%2fsharp-linux-x64 126ms (cache miss)
306 silly packumentCache full:https://registry.npmjs.org/@img%2fsharp-linux-x64 set size:undefined disposed:false
307 silly fetch manifest @img/sharp-linux-s390x@0.34.5
308 silly packumentCache full:https://registry.npmjs.org/@img%2fsharp-linux-s390x cache-miss
309 http fetch GET 200 https://registry.npmjs.org/@img%2fsharp-darwin-x64 127ms (cache miss)
310 silly packumentCache full:https://registry.npmjs.org/@img%2fsharp-darwin-x64 set size:undefined disposed:false
311 silly fetch manifest @img/sharp-win32-arm64@0.34.5
312 silly packumentCache full:https://registry.npmjs.org/@img%2fsharp-win32-arm64 cache-miss
313 http fetch GET 200 https://registry.npmjs.org/@img%2fsharp-linux-arm 137ms (cache miss)
314 silly packumentCache full:https://registry.npmjs.org/@img%2fsharp-linux-arm set size:undefined disposed:false
315 silly fetch manifest @img/sharp-darwin-arm64@0.34.5
316 silly packumentCache full:https://registry.npmjs.org/@img%2fsharp-darwin-arm64 cache-miss
317 http fetch GET 200 https://registry.npmjs.org/@img%2fsharp-win32-ia32 111ms (cache miss)
318 silly packumentCache full:https://registry.npmjs.org/@img%2fsharp-win32-ia32 set size:undefined disposed:false
319 silly fetch manifest @img/sharp-linux-riscv64@0.34.5
320 silly packumentCache full:https://registry.npmjs.org/@img%2fsharp-linux-riscv64 cache-miss
321 http fetch GET 200 https://registry.npmjs.org/@img%2fsharp-linux-arm64 124ms (cache miss)
322 silly packumentCache full:https://registry.npmjs.org/@img%2fsharp-linux-arm64 set size:undefined disposed:false
323 silly fetch manifest @img/sharp-linuxmusl-x64@0.34.5
324 silly packumentCache full:https://registry.npmjs.org/@img%2fsharp-linuxmusl-x64 cache-miss
325 http fetch GET 200 https://registry.npmjs.org/@img%2fsharp-linux-ppc64 123ms (cache miss)
326 silly packumentCache full:https://registry.npmjs.org/@img%2fsharp-linux-ppc64 set size:undefined disposed:false
327 silly fetch manifest @img/sharp-linuxmusl-arm64@0.34.5
328 silly packumentCache full:https://registry.npmjs.org/@img%2fsharp-linuxmusl-arm64 cache-miss
329 http fetch GET 200 https://registry.npmjs.org/@img%2fsharp-linux-s390x 130ms (cache miss)
330 silly packumentCache full:https://registry.npmjs.org/@img%2fsharp-linux-s390x set size:undefined disposed:false
331 silly fetch manifest @img/sharp-libvips-linux-arm@1.2.4
332 silly packumentCache full:https://registry.npmjs.org/@img%2fsharp-libvips-linux-arm cache-miss
333 http fetch GET 200 https://registry.npmjs.org/@img%2fsharp-darwin-arm64 133ms (cache miss)
334 silly packumentCache full:https://registry.npmjs.org/@img%2fsharp-darwin-arm64 set size:undefined disposed:false
335 silly fetch manifest @img/sharp-libvips-linux-x64@1.2.4
336 silly packumentCache full:https://registry.npmjs.org/@img%2fsharp-libvips-linux-x64 cache-miss
337 http fetch GET 200 https://registry.npmjs.org/@img%2fsharp-linux-riscv64 133ms (cache miss)
338 silly packumentCache full:https://registry.npmjs.org/@img%2fsharp-linux-riscv64 set size:undefined disposed:false
339 silly fetch manifest @img/sharp-libvips-darwin-x64@1.2.4
340 silly packumentCache full:https://registry.npmjs.org/@img%2fsharp-libvips-darwin-x64 cache-miss
341 http fetch GET 200 https://registry.npmjs.org/@img%2fsharp-win32-arm64 167ms (cache miss)
342 silly packumentCache full:https://registry.npmjs.org/@img%2fsharp-win32-arm64 set size:undefined disposed:false
343 silly fetch manifest @img/sharp-libvips-linux-arm64@1.2.4
344 silly packumentCache full:https://registry.npmjs.org/@img%2fsharp-libvips-linux-arm64 cache-miss
345 http fetch GET 200 https://registry.npmjs.org/@img%2fsharp-linuxmusl-arm64 116ms (cache miss)
346 silly packumentCache full:https://registry.npmjs.org/@img%2fsharp-linuxmusl-arm64 set size:undefined disposed:false
347 silly fetch manifest @img/sharp-libvips-linux-ppc64@1.2.4
348 silly packumentCache full:https://registry.npmjs.org/@img%2fsharp-libvips-linux-ppc64 cache-miss
349 http fetch GET 200 https://registry.npmjs.org/@img%2fsharp-libvips-darwin-x64 110ms (cache miss)
350 silly packumentCache full:https://registry.npmjs.org/@img%2fsharp-libvips-darwin-x64 set size:undefined disposed:false
351 silly fetch manifest @img/sharp-libvips-linux-s390x@1.2.4
352 silly packumentCache full:https://registry.npmjs.org/@img%2fsharp-libvips-linux-s390x cache-miss
353 http fetch GET 200 https://registry.npmjs.org/@img%2fsharp-linuxmusl-x64 142ms (cache miss)
354 silly packumentCache full:https://registry.npmjs.org/@img%2fsharp-linuxmusl-x64 set size:undefined disposed:false
355 silly fetch manifest @img/sharp-libvips-darwin-arm64@1.2.4
356 silly packumentCache full:https://registry.npmjs.org/@img%2fsharp-libvips-darwin-arm64 cache-miss
357 http fetch GET 200 https://registry.npmjs.org/@img%2fsharp-libvips-linux-arm 136ms (cache miss)
358 silly packumentCache full:https://registry.npmjs.org/@img%2fsharp-libvips-linux-arm set size:undefined disposed:false
359 silly fetch manifest @img/sharp-libvips-linux-riscv64@1.2.4
360 silly packumentCache full:https://registry.npmjs.org/@img%2fsharp-libvips-linux-riscv64 cache-miss
361 http fetch GET 200 https://registry.npmjs.org/@img%2fsharp-libvips-linux-x64 125ms (cache miss)
362 silly packumentCache full:https://registry.npmjs.org/@img%2fsharp-libvips-linux-x64 set size:undefined disposed:false
363 silly fetch manifest @img/sharp-libvips-linuxmusl-x64@1.2.4
364 silly packumentCache full:https://registry.npmjs.org/@img%2fsharp-libvips-linuxmusl-x64 cache-miss
365 http fetch GET 200 https://registry.npmjs.org/@img%2fsharp-libvips-linux-arm64 130ms (cache miss)
366 silly packumentCache full:https://registry.npmjs.org/@img%2fsharp-libvips-linux-arm64 set size:undefined disposed:false
367 silly fetch manifest @img/sharp-libvips-linuxmusl-arm64@1.2.4
368 silly packumentCache full:https://registry.npmjs.org/@img%2fsharp-libvips-linuxmusl-arm64 cache-miss
369 http fetch GET 200 https://registry.npmjs.org/@img%2fsharp-libvips-linux-ppc64 107ms (cache miss)
370 silly packumentCache full:https://registry.npmjs.org/@img%2fsharp-libvips-linux-ppc64 set size:undefined disposed:false
371 silly fetch manifest client-only@0.0.1
372 silly packumentCache full:https://registry.npmjs.org/client-only cache-miss
373 http fetch GET 200 https://registry.npmjs.org/@img%2fsharp-libvips-darwin-arm64 121ms (cache miss)
374 silly packumentCache full:https://registry.npmjs.org/@img%2fsharp-libvips-darwin-arm64 set size:undefined disposed:false
375 http fetch GET 200 https://registry.npmjs.org/@img%2fsharp-libvips-linux-s390x 130ms (cache miss)
376 silly packumentCache full:https://registry.npmjs.org/@img%2fsharp-libvips-linux-s390x set size:undefined disposed:false
377 http fetch GET 200 https://registry.npmjs.org/@img%2fsharp-libvips-linux-riscv64 128ms (cache miss)
378 silly packumentCache full:https://registry.npmjs.org/@img%2fsharp-libvips-linux-riscv64 set size:undefined disposed:false
379 http fetch GET 200 https://registry.npmjs.org/@img%2fsharp-libvips-linuxmusl-x64 146ms (cache miss)
380 silly packumentCache full:https://registry.npmjs.org/@img%2fsharp-libvips-linuxmusl-x64 set size:undefined disposed:false
381 http fetch GET 200 https://registry.npmjs.org/@img%2fsharp-libvips-linuxmusl-arm64 119ms (cache miss)
382 silly packumentCache full:https://registry.npmjs.org/@img%2fsharp-libvips-linuxmusl-arm64 set size:undefined disposed:false
383 http fetch GET 200 https://registry.npmjs.org/client-only 106ms (cache miss)
384 silly packumentCache full:https://registry.npmjs.org/client-only set size:undefined disposed:false
385 http fetch GET 200 https://registry.npmjs.org/@img%2fcolour 807ms (cache miss)
386 silly packumentCache full:https://registry.npmjs.org/@img%2fcolour set size:undefined disposed:false
387 silly placeDep ROOT tslib@2.8.1 OK for: @swc/helpers@0.5.15 want: ^2.8.0
388 silly placeDep ROOT nanoid@3.3.11 OK for: postcss@8.4.31 want: ^3.3.6
389 silly placeDep ROOT picocolors@1.1.1 OK for: postcss@8.4.31 want: ^1.0.0
390 silly placeDep ROOT source-map-js@1.2.1 OK for: postcss@8.4.31 want: ^1.0.2
391 silly placeDep ROOT scheduler@0.27.0 OK for: react-dom@19.2.4 want: ^0.27.0
392 silly placeDep ROOT @img/colour@1.1.0 OK for: sharp@0.34.5 want: ^1.0.0
393 silly placeDep ROOT @img/sharp-darwin-arm64@0.34.5 OK for: sharp@0.34.5 want: 0.34.5
394 silly placeDep ROOT @img/sharp-darwin-x64@0.34.5 OK for: sharp@0.34.5 want: 0.34.5
395 silly placeDep ROOT @img/sharp-libvips-darwin-arm64@1.2.4 OK for: sharp@0.34.5 want: 1.2.4
396 silly placeDep ROOT @img/sharp-libvips-darwin-x64@1.2.4 OK for: sharp@0.34.5 want: 1.2.4
397 silly placeDep ROOT @img/sharp-libvips-linux-arm@1.2.4 OK for: sharp@0.34.5 want: 1.2.4
398 silly placeDep ROOT @img/sharp-libvips-linux-arm64@1.2.4 OK for: sharp@0.34.5 want: 1.2.4
399 silly placeDep ROOT @img/sharp-libvips-linux-ppc64@1.2.4 OK for: sharp@0.34.5 want: 1.2.4
400 silly placeDep ROOT @img/sharp-libvips-linux-riscv64@1.2.4 OK for: sharp@0.34.5 want: 1.2.4
401 silly placeDep ROOT @img/sharp-libvips-linux-s390x@1.2.4 OK for: sharp@0.34.5 want: 1.2.4
402 silly placeDep ROOT @img/sharp-libvips-linux-x64@1.2.4 OK for: sharp@0.34.5 want: 1.2.4
403 silly placeDep ROOT @img/sharp-libvips-linuxmusl-arm64@1.2.4 OK for: sharp@0.34.5 want: 1.2.4
404 silly placeDep ROOT @img/sharp-libvips-linuxmusl-x64@1.2.4 OK for: sharp@0.34.5 want: 1.2.4
405 silly placeDep ROOT @img/sharp-linux-arm@0.34.5 OK for: sharp@0.34.5 want: 0.34.5
406 silly placeDep ROOT @img/sharp-linux-arm64@0.34.5 OK for: sharp@0.34.5 want: 0.34.5
407 silly placeDep ROOT @img/sharp-linux-ppc64@0.34.5 OK for: sharp@0.34.5 want: 0.34.5
408 silly placeDep ROOT @img/sharp-linux-riscv64@0.34.5 OK for: sharp@0.34.5 want: 0.34.5
409 silly placeDep ROOT @img/sharp-linux-s390x@0.34.5 OK for: sharp@0.34.5 want: 0.34.5
410 silly placeDep ROOT @img/sharp-linux-x64@0.34.5 OK for: sharp@0.34.5 want: 0.34.5
411 silly placeDep ROOT @img/sharp-linuxmusl-arm64@0.34.5 OK for: sharp@0.34.5 want: 0.34.5
412 silly placeDep ROOT @img/sharp-linuxmusl-x64@0.34.5 OK for: sharp@0.34.5 want: 0.34.5
413 silly placeDep ROOT @img/sharp-wasm32@0.34.5 OK for: sharp@0.34.5 want: 0.34.5
414 silly placeDep ROOT @img/sharp-win32-arm64@0.34.5 OK for: sharp@0.34.5 want: 0.34.5
415 silly placeDep ROOT @img/sharp-win32-ia32@0.34.5 OK for: sharp@0.34.5 want: 0.34.5
416 silly placeDep ROOT @img/sharp-win32-x64@0.34.5 OK for: sharp@0.34.5 want: 0.34.5
417 silly placeDep ROOT detect-libc@2.1.2 OK for: sharp@0.34.5 want: ^2.1.2
418 silly placeDep ROOT semver@7.7.4 OK for: sharp@0.34.5 want: ^7.7.3
419 silly fetch manifest @emnapi/runtime@^1.7.0
420 silly packumentCache full:https://registry.npmjs.org/@emnapi%2fruntime cache-miss
421 http fetch GET 200 https://registry.npmjs.org/@emnapi%2fruntime 124ms (cache miss)
422 silly packumentCache full:https://registry.npmjs.org/@emnapi%2fruntime set size:undefined disposed:false
423 silly placeDep ROOT @emnapi/runtime@1.9.0 OK for: @img/sharp-wasm32@0.34.5 want: ^1.7.0
424 silly placeDep ROOT client-only@0.0.1 OK for: styled-jsx@5.1.6 want: 0.0.1
425 silly reify moves {}
426 silly audit bulk request {
426 silly audit   axios: [ '1.13.6' ],
426 silly audit   'lucide-react': [ '0.577.0' ],
426 silly audit   next: [ '16.1.7' ],
426 silly audit   react: [ '19.2.4' ],
426 silly audit   'react-dom': [ '19.2.4' ],
426 silly audit   'follow-redirects': [ '1.15.11' ],
426 silly audit   'form-data': [ '4.0.5' ],
426 silly audit   'proxy-from-env': [ '1.1.0' ],
426 silly audit   asynckit: [ '0.4.0' ],
426 silly audit   'combined-stream': [ '1.0.8' ],
426 silly audit   'es-set-tostringtag': [ '2.1.0' ],
426 silly audit   hasown: [ '2.0.2' ],
426 silly audit   'mime-types': [ '2.1.35' ],
426 silly audit   'delayed-stream': [ '1.0.0' ],
426 silly audit   'es-errors': [ '1.3.0' ],
426 silly audit   'get-intrinsic': [ '1.3.0' ],
426 silly audit   'has-tostringtag': [ '1.0.2' ],
426 silly audit   'call-bind-apply-helpers': [ '1.0.2' ],
426 silly audit   'es-define-property': [ '1.0.1' ],
426 silly audit   'es-object-atoms': [ '1.1.1' ],
426 silly audit   'function-bind': [ '1.1.2' ],
426 silly audit   'get-proto': [ '1.0.1' ],
426 silly audit   gopd: [ '1.2.0' ],
426 silly audit   'has-symbols': [ '1.1.0' ],
426 silly audit   'math-intrinsics': [ '1.1.0' ],
426 silly audit   'dunder-proto': [ '1.0.1' ],
426 silly audit   'mime-db': [ '1.52.0' ],
426 silly audit   '@next/env': [ '16.1.7' ],
426 silly audit   '@next/swc-darwin-arm64': [ '16.1.7' ],
426 silly audit   '@next/swc-darwin-x64': [ '16.1.7' ],
426 silly audit   '@next/swc-linux-arm64-gnu': [ '16.1.7' ],
426 silly audit   '@next/swc-linux-arm64-musl': [ '16.1.7' ],
426 silly audit   '@next/swc-linux-x64-gnu': [ '16.1.7' ],
426 silly audit   '@next/swc-linux-x64-musl': [ '16.1.7' ],
426 silly audit   '@next/swc-win32-arm64-msvc': [ '16.1.7' ],
426 silly audit   '@next/swc-win32-x64-msvc': [ '16.1.7' ],
426 silly audit   '@swc/helpers': [ '0.5.15' ],
426 silly audit   'baseline-browser-mapping': [ '2.10.8' ],
426 silly audit   'caniuse-lite': [ '1.0.30001780' ],
426 silly audit   postcss: [ '8.4.31' ],
426 silly audit   sharp: [ '0.34.5' ],
426 silly audit   'styled-jsx': [ '5.1.6' ],
426 silly audit   tslib: [ '2.8.1' ],
426 silly audit   nanoid: [ '3.3.11' ],
426 silly audit   picocolors: [ '1.1.1' ],
426 silly audit   'source-map-js': [ '1.2.1' ],
426 silly audit   scheduler: [ '0.27.0' ],
426 silly audit   '@img/colour': [ '1.1.0' ],
426 silly audit   '@img/sharp-darwin-arm64': [ '0.34.5' ],
426 silly audit   '@img/sharp-darwin-x64': [ '0.34.5' ],
426 silly audit   '@img/sharp-libvips-darwin-arm64': [ '1.2.4' ],
426 silly audit   '@img/sharp-libvips-darwin-x64': [ '1.2.4' ],
426 silly audit   '@img/sharp-libvips-linux-arm': [ '1.2.4' ],
426 silly audit   '@img/sharp-libvips-linux-arm64': [ '1.2.4' ],
426 silly audit   '@img/sharp-libvips-linux-ppc64': [ '1.2.4' ],
426 silly audit   '@img/sharp-libvips-linux-riscv64': [ '1.2.4' ],
426 silly audit   '@img/sharp-libvips-linux-s390x': [ '1.2.4' ],
426 silly audit   '@img/sharp-libvips-linux-x64': [ '1.2.4' ],
426 silly audit   '@img/sharp-libvips-linuxmusl-arm64': [ '1.2.4' ],
426 silly audit   '@img/sharp-libvips-linuxmusl-x64': [ '1.2.4' ],
426 silly audit   '@img/sharp-linux-arm': [ '0.34.5' ],
426 silly audit   '@img/sharp-linux-arm64': [ '0.34.5' ],
426 silly audit   '@img/sharp-linux-ppc64': [ '0.34.5' ],
426 silly audit   '@img/sharp-linux-riscv64': [ '0.34.5' ],
426 silly audit   '@img/sharp-linux-s390x': [ '0.34.5' ],
426 silly audit   '@img/sharp-linux-x64': [ '0.34.5' ],
426 silly audit   '@img/sharp-linuxmusl-arm64': [ '0.34.5' ],
426 silly audit   '@img/sharp-linuxmusl-x64': [ '0.34.5' ],
426 silly audit   '@img/sharp-wasm32': [ '0.34.5' ],
426 silly audit   '@img/sharp-win32-arm64': [ '0.34.5' ],
426 silly audit   '@img/sharp-win32-ia32': [ '0.34.5' ],
426 silly audit   '@img/sharp-win32-x64': [ '0.34.5' ],
426 silly audit   'detect-libc': [ '2.1.2' ],
426 silly audit   semver: [ '7.7.4' ],
426 silly audit   '@emnapi/runtime': [ '1.9.0' ],
426 silly audit   'client-only': [ '0.0.1' ]
426 silly audit }
427 http cache client-only@https://registry.npmjs.org/client-only/-/client-only-0.0.1.tgz 0ms (cache hit)
428 http cache semver@https://registry.npmjs.org/semver/-/semver-7.7.4.tgz 0ms (cache hit)
429 http cache detect-libc@https://registry.npmjs.org/detect-libc/-/detect-libc-2.1.2.tgz 0ms (cache hit)
430 http cache @img/sharp-libvips-darwin-arm64@https://registry.npmjs.org/@img/sharp-libvips-darwin-arm64/-/sharp-libvips-darwin-arm64-1.2.4.tgz 0ms (cache hit)
431 http cache @img/sharp-darwin-arm64@https://registry.npmjs.org/@img/sharp-darwin-arm64/-/sharp-darwin-arm64-0.34.5.tgz 0ms (cache hit)
432 http cache scheduler@https://registry.npmjs.org/scheduler/-/scheduler-0.27.0.tgz 0ms (cache hit)
433 http cache @img/colour@https://registry.npmjs.org/@img/colour/-/colour-1.1.0.tgz 0ms (cache hit)
434 http cache source-map-js@https://registry.npmjs.org/source-map-js/-/source-map-js-1.2.1.tgz 0ms (cache hit)
435 http cache picocolors@https://registry.npmjs.org/picocolors/-/picocolors-1.1.1.tgz 0ms (cache hit)
436 http cache nanoid@https://registry.npmjs.org/nanoid/-/nanoid-3.3.11.tgz 0ms (cache hit)
437 http cache tslib@https://registry.npmjs.org/tslib/-/tslib-2.8.1.tgz 0ms (cache hit)
438 http cache sharp@https://registry.npmjs.org/sharp/-/sharp-0.34.5.tgz 0ms (cache hit)
439 http cache postcss@https://registry.npmjs.org/postcss/-/postcss-8.4.31.tgz 0ms (cache hit)
440 http cache caniuse-lite@https://registry.npmjs.org/caniuse-lite/-/caniuse-lite-1.0.30001780.tgz 0ms (cache hit)
441 http cache baseline-browser-mapping@https://registry.npmjs.org/baseline-browser-mapping/-/baseline-browser-mapping-2.10.8.tgz 0ms (cache hit)
442 http cache @swc/helpers@https://registry.npmjs.org/@swc/helpers/-/helpers-0.5.15.tgz 0ms (cache hit)
443 http cache styled-jsx@https://registry.npmjs.org/styled-jsx/-/styled-jsx-5.1.6.tgz 0ms (cache hit)
444 http cache @next/swc-darwin-arm64@https://registry.npmjs.org/@next/swc-darwin-arm64/-/swc-darwin-arm64-16.1.7.tgz 0ms (cache hit)
445 http cache @next/env@https://registry.npmjs.org/@next/env/-/env-16.1.7.tgz 0ms (cache hit)
446 http cache math-intrinsics@https://registry.npmjs.org/math-intrinsics/-/math-intrinsics-1.1.0.tgz 0ms (cache hit)
447 http cache has-symbols@https://registry.npmjs.org/has-symbols/-/has-symbols-1.1.0.tgz 0ms (cache hit)
448 http cache gopd@https://registry.npmjs.org/gopd/-/gopd-1.2.0.tgz 0ms (cache hit)
449 http cache dunder-proto@https://registry.npmjs.org/dunder-proto/-/dunder-proto-1.0.1.tgz 0ms (cache hit)
450 http cache get-proto@https://registry.npmjs.org/get-proto/-/get-proto-1.0.1.tgz 0ms (cache hit)
451 http cache function-bind@https://registry.npmjs.org/function-bind/-/function-bind-1.1.2.tgz 0ms (cache hit)
452 http cache mime-db@https://registry.npmjs.org/mime-db/-/mime-db-1.52.0.tgz 0ms (cache hit)
453 http cache es-define-property@https://registry.npmjs.org/es-define-property/-/es-define-property-1.0.1.tgz 0ms (cache hit)
454 http cache call-bind-apply-helpers@https://registry.npmjs.org/call-bind-apply-helpers/-/call-bind-apply-helpers-1.0.2.tgz 0ms (cache hit)
455 http cache es-object-atoms@https://registry.npmjs.org/es-object-atoms/-/es-object-atoms-1.1.1.tgz 0ms (cache hit)
456 http cache get-intrinsic@https://registry.npmjs.org/get-intrinsic/-/get-intrinsic-1.3.0.tgz 0ms (cache hit)
457 http cache mime-types@https://registry.npmjs.org/mime-types/-/mime-types-2.1.35.tgz 0ms (cache hit)
458 http cache es-errors@https://registry.npmjs.org/es-errors/-/es-errors-1.3.0.tgz 0ms (cache hit)
459 http cache has-tostringtag@https://registry.npmjs.org/has-tostringtag/-/has-tostringtag-1.0.2.tgz 0ms (cache hit)
460 http cache hasown@https://registry.npmjs.org/hasown/-/hasown-2.0.2.tgz 0ms (cache hit)
461 http cache es-set-tostringtag@https://registry.npmjs.org/es-set-tostringtag/-/es-set-tostringtag-2.1.0.tgz 0ms (cache hit)
462 http cache delayed-stream@https://registry.npmjs.org/delayed-stream/-/delayed-stream-1.0.0.tgz 0ms (cache hit)
463 http cache combined-stream@https://registry.npmjs.org/combined-stream/-/combined-stream-1.0.8.tgz 0ms (cache hit)
464 http cache proxy-from-env@https://registry.npmjs.org/proxy-from-env/-/proxy-from-env-1.1.0.tgz 0ms (cache hit)
465 http cache follow-redirects@https://registry.npmjs.org/follow-redirects/-/follow-redirects-1.15.11.tgz 0ms (cache hit)
466 http cache react-dom@https://registry.npmjs.org/react-dom/-/react-dom-19.2.4.tgz 0ms (cache hit)
467 http cache react@https://registry.npmjs.org/react/-/react-19.2.4.tgz 0ms (cache hit)
468 http cache lucide-react@https://registry.npmjs.org/lucide-react/-/lucide-react-0.577.0.tgz 0ms (cache hit)
469 http cache next@https://registry.npmjs.org/next/-/next-16.1.7.tgz 0ms (cache hit)
470 silly tarball no local data for client-only@https://registry.npmjs.org/client-only/-/client-only-0.0.1.tgz. Extracting by manifest.
471 silly tarball no local data for semver@https://registry.npmjs.org/semver/-/semver-7.7.4.tgz. Extracting by manifest.
472 silly tarball no local data for detect-libc@https://registry.npmjs.org/detect-libc/-/detect-libc-2.1.2.tgz. Extracting by manifest.
473 silly tarball no local data for @img/sharp-libvips-darwin-arm64@https://registry.npmjs.org/@img/sharp-libvips-darwin-arm64/-/sharp-libvips-darwin-arm64-1.2.4.tgz. Extracting by manifest.
474 silly tarball no local data for @img/sharp-darwin-arm64@https://registry.npmjs.org/@img/sharp-darwin-arm64/-/sharp-darwin-arm64-0.34.5.tgz. Extracting by manifest.
475 http cache axios@https://registry.npmjs.org/axios/-/axios-1.13.6.tgz 0ms (cache hit)
476 silly tarball no local data for scheduler@https://registry.npmjs.org/scheduler/-/scheduler-0.27.0.tgz. Extracting by manifest.
477 silly tarball no local data for @img/colour@https://registry.npmjs.org/@img/colour/-/colour-1.1.0.tgz. Extracting by manifest.
478 http cache form-data@https://registry.npmjs.org/form-data/-/form-data-4.0.5.tgz 0ms (cache hit)
479 silly tarball no local data for source-map-js@https://registry.npmjs.org/source-map-js/-/source-map-js-1.2.1.tgz. Extracting by manifest.
480 silly tarball no local data for picocolors@https://registry.npmjs.org/picocolors/-/picocolors-1.1.1.tgz. Extracting by manifest.
481 silly tarball no local data for nanoid@https://registry.npmjs.org/nanoid/-/nanoid-3.3.11.tgz. Extracting by manifest.
482 silly tarball no local data for sharp@https://registry.npmjs.org/sharp/-/sharp-0.34.5.tgz. Extracting by manifest.
483 silly tarball no local data for tslib@https://registry.npmjs.org/tslib/-/tslib-2.8.1.tgz. Extracting by manifest.
484 http cache asynckit@https://registry.npmjs.org/asynckit/-/asynckit-0.4.0.tgz 0ms (cache hit)
485 silly tarball no local data for postcss@https://registry.npmjs.org/postcss/-/postcss-8.4.31.tgz. Extracting by manifest.
486 silly tarball no local data for caniuse-lite@https://registry.npmjs.org/caniuse-lite/-/caniuse-lite-1.0.30001780.tgz. Extracting by manifest.
487 silly tarball no local data for baseline-browser-mapping@https://registry.npmjs.org/baseline-browser-mapping/-/baseline-browser-mapping-2.10.8.tgz. Extracting by manifest.
488 silly tarball no local data for @swc/helpers@https://registry.npmjs.org/@swc/helpers/-/helpers-0.5.15.tgz. Extracting by manifest.
489 silly tarball no local data for styled-jsx@https://registry.npmjs.org/styled-jsx/-/styled-jsx-5.1.6.tgz. Extracting by manifest.
490 silly tarball no local data for @next/swc-darwin-arm64@https://registry.npmjs.org/@next/swc-darwin-arm64/-/swc-darwin-arm64-16.1.7.tgz. Extracting by manifest.
491 silly tarball no local data for @next/env@https://registry.npmjs.org/@next/env/-/env-16.1.7.tgz. Extracting by manifest.
492 silly tarball no local data for math-intrinsics@https://registry.npmjs.org/math-intrinsics/-/math-intrinsics-1.1.0.tgz. Extracting by manifest.
493 silly tarball no local data for has-symbols@https://registry.npmjs.org/has-symbols/-/has-symbols-1.1.0.tgz. Extracting by manifest.
494 silly tarball no local data for gopd@https://registry.npmjs.org/gopd/-/gopd-1.2.0.tgz. Extracting by manifest.
495 silly tarball no local data for dunder-proto@https://registry.npmjs.org/dunder-proto/-/dunder-proto-1.0.1.tgz. Extracting by manifest.
496 silly tarball no local data for function-bind@https://registry.npmjs.org/function-bind/-/function-bind-1.1.2.tgz. Extracting by manifest.
497 silly tarball no local data for get-proto@https://registry.npmjs.org/get-proto/-/get-proto-1.0.1.tgz. Extracting by manifest.
498 silly tarball no local data for mime-db@https://registry.npmjs.org/mime-db/-/mime-db-1.52.0.tgz. Extracting by manifest.
499 silly tarball no local data for es-define-property@https://registry.npmjs.org/es-define-property/-/es-define-property-1.0.1.tgz. Extracting by manifest.
500 silly tarball no local data for call-bind-apply-helpers@https://registry.npmjs.org/call-bind-apply-helpers/-/call-bind-apply-helpers-1.0.2.tgz. Extracting by manifest.
501 silly tarball no local data for es-object-atoms@https://registry.npmjs.org/es-object-atoms/-/es-object-atoms-1.1.1.tgz. Extracting by manifest.
502 silly tarball no local data for get-intrinsic@https://registry.npmjs.org/get-intrinsic/-/get-intrinsic-1.3.0.tgz. Extracting by manifest.
503 silly tarball no local data for mime-types@https://registry.npmjs.org/mime-types/-/mime-types-2.1.35.tgz. Extracting by manifest.
504 silly tarball no local data for es-errors@https://registry.npmjs.org/es-errors/-/es-errors-1.3.0.tgz. Extracting by manifest.
505 silly tarball no local data for has-tostringtag@https://registry.npmjs.org/has-tostringtag/-/has-tostringtag-1.0.2.tgz. Extracting by manifest.
506 silly tarball no local data for hasown@https://registry.npmjs.org/hasown/-/hasown-2.0.2.tgz. Extracting by manifest.
507 silly tarball no local data for es-set-tostringtag@https://registry.npmjs.org/es-set-tostringtag/-/es-set-tostringtag-2.1.0.tgz. Extracting by manifest.
508 silly tarball no local data for delayed-stream@https://registry.npmjs.org/delayed-stream/-/delayed-stream-1.0.0.tgz. Extracting by manifest.
509 silly tarball no local data for combined-stream@https://registry.npmjs.org/combined-stream/-/combined-stream-1.0.8.tgz. Extracting by manifest.
510 silly tarball no local data for proxy-from-env@https://registry.npmjs.org/proxy-from-env/-/proxy-from-env-1.1.0.tgz. Extracting by manifest.
511 silly tarball no local data for follow-redirects@https://registry.npmjs.org/follow-redirects/-/follow-redirects-1.15.11.tgz. Extracting by manifest.
512 silly tarball no local data for react-dom@https://registry.npmjs.org/react-dom/-/react-dom-19.2.4.tgz. Extracting by manifest.
513 silly tarball no local data for react@https://registry.npmjs.org/react/-/react-19.2.4.tgz. Extracting by manifest.
514 silly tarball no local data for lucide-react@https://registry.npmjs.org/lucide-react/-/lucide-react-0.577.0.tgz. Extracting by manifest.
515 silly tarball no local data for next@https://registry.npmjs.org/next/-/next-16.1.7.tgz. Extracting by manifest.
516 silly tarball no local data for axios@https://registry.npmjs.org/axios/-/axios-1.13.6.tgz. Extracting by manifest.
517 silly tarball no local data for form-data@https://registry.npmjs.org/form-data/-/form-data-4.0.5.tgz. Extracting by manifest.
518 silly tarball no local data for asynckit@https://registry.npmjs.org/asynckit/-/asynckit-0.4.0.tgz. Extracting by manifest.
519 http fetch GET 200 https://registry.npmjs.org/scheduler/-/scheduler-0.27.0.tgz 109ms (cache miss)
520 http fetch GET 200 https://registry.npmjs.org/client-only/-/client-only-0.0.1.tgz 128ms (cache miss)
521 http fetch GET 200 https://registry.npmjs.org/detect-libc/-/detect-libc-2.1.2.tgz 128ms (cache miss)
522 http fetch GET 200 https://registry.npmjs.org/semver/-/semver-7.7.4.tgz 129ms (cache miss)
523 http fetch GET 200 https://registry.npmjs.org/baseline-browser-mapping/-/baseline-browser-mapping-2.10.8.tgz 214ms (cache miss)
524 http fetch GET 200 https://registry.npmjs.org/@img/sharp-darwin-arm64/-/sharp-darwin-arm64-0.34.5.tgz 255ms (cache miss)
525 http fetch GET 200 https://registry.npmjs.org/styled-jsx/-/styled-jsx-5.1.6.tgz 272ms (cache miss)
526 http fetch GET 200 https://registry.npmjs.org/picocolors/-/picocolors-1.1.1.tgz 312ms (cache miss)
527 http fetch GET 200 https://registry.npmjs.org/source-map-js/-/source-map-js-1.2.1.tgz 319ms (cache miss)
528 http fetch GET 200 https://registry.npmjs.org/@next/env/-/env-16.1.7.tgz 327ms (cache miss)
529 http fetch GET 200 https://registry.npmjs.org/math-intrinsics/-/math-intrinsics-1.1.0.tgz 358ms (cache miss)
530 http fetch GET 200 https://registry.npmjs.org/has-symbols/-/has-symbols-1.1.0.tgz 374ms (cache miss)
531 http fetch GET 200 https://registry.npmjs.org/gopd/-/gopd-1.2.0.tgz 383ms (cache miss)
532 http fetch GET 200 https://registry.npmjs.org/nanoid/-/nanoid-3.3.11.tgz 397ms (cache miss)
533 http fetch GET 200 https://registry.npmjs.org/tslib/-/tslib-2.8.1.tgz 398ms (cache miss)
534 http fetch GET 200 https://registry.npmjs.org/@img/colour/-/colour-1.1.0.tgz 420ms (cache miss)
535 http fetch GET 200 https://registry.npmjs.org/postcss/-/postcss-8.4.31.tgz 420ms (cache miss)
536 http fetch GET 200 https://registry.npmjs.org/dunder-proto/-/dunder-proto-1.0.1.tgz 423ms (cache miss)
537 http fetch GET 200 https://registry.npmjs.org/@swc/helpers/-/helpers-0.5.15.tgz 431ms (cache miss)
538 http fetch GET 200 https://registry.npmjs.org/function-bind/-/function-bind-1.1.2.tgz 438ms (cache miss)
539 http fetch GET 200 https://registry.npmjs.org/get-proto/-/get-proto-1.0.1.tgz 457ms (cache miss)
540 http fetch GET 200 https://registry.npmjs.org/mime-db/-/mime-db-1.52.0.tgz 486ms (cache miss)
541 http fetch POST 200 https://registry.npmjs.org/-/npm/v1/security/advisories/bulk 584ms
542 silly audit report {}
543 http fetch GET 200 https://registry.npmjs.org/es-define-property/-/es-define-property-1.0.1.tgz 594ms (cache miss)
544 http fetch GET 200 https://registry.npmjs.org/hasown/-/hasown-2.0.2.tgz 599ms (cache miss)
545 http fetch GET 200 https://registry.npmjs.org/mime-types/-/mime-types-2.1.35.tgz 691ms (cache miss)
546 http fetch GET 200 https://registry.npmjs.org/get-intrinsic/-/get-intrinsic-1.3.0.tgz 691ms (cache miss)
547 http fetch GET 200 https://registry.npmjs.org/es-set-tostringtag/-/es-set-tostringtag-2.1.0.tgz 716ms (cache miss)
548 http fetch GET 200 https://registry.npmjs.org/delayed-stream/-/delayed-stream-1.0.0.tgz 721ms (cache miss)
549 http fetch GET 200 https://registry.npmjs.org/call-bind-apply-helpers/-/call-bind-apply-helpers-1.0.2.tgz 723ms (cache miss)
550 http fetch GET 200 https://registry.npmjs.org/combined-stream/-/combined-stream-1.0.8.tgz 722ms (cache miss)
551 http fetch GET 200 https://registry.npmjs.org/sharp/-/sharp-0.34.5.tgz 729ms (cache miss)
552 http fetch GET 200 https://registry.npmjs.org/es-object-atoms/-/es-object-atoms-1.1.1.tgz 727ms (cache miss)
553 http fetch GET 200 https://registry.npmjs.org/proxy-from-env/-/proxy-from-env-1.1.0.tgz 728ms (cache miss)
554 http fetch GET 200 https://registry.npmjs.org/es-errors/-/es-errors-1.3.0.tgz 732ms (cache miss)
555 http fetch GET 200 https://registry.npmjs.org/has-tostringtag/-/has-tostringtag-1.0.2.tgz 734ms (cache miss)
556 http fetch GET 200 https://registry.npmjs.org/follow-redirects/-/follow-redirects-1.15.11.tgz 735ms (cache miss)
557 http fetch GET 200 https://registry.npmjs.org/react/-/react-19.2.4.tgz 774ms (cache miss)
558 http fetch GET 200 https://registry.npmjs.org/asynckit/-/asynckit-0.4.0.tgz 820ms (cache miss)
559 http fetch GET 200 https://registry.npmjs.org/form-data/-/form-data-4.0.5.tgz 861ms (cache miss)
560 http fetch GET 200 https://registry.npmjs.org/caniuse-lite/-/caniuse-lite-1.0.30001780.tgz 1026ms (cache miss)
561 http fetch GET 200 https://registry.npmjs.org/axios/-/axios-1.13.6.tgz 3687ms (cache miss)
562 http fetch GET 200 https://registry.npmjs.org/@img/sharp-libvips-darwin-arm64/-/sharp-libvips-darwin-arm64-1.2.4.tgz 4233ms (cache miss)
563 http fetch GET 200 https://registry.npmjs.org/react-dom/-/react-dom-19.2.4.tgz 5687ms (cache miss)
564 http fetch GET 200 https://registry.npmjs.org/lucide-react/-/lucide-react-0.577.0.tgz 5712ms (cache miss)
565 http fetch GET 200 https://registry.npmjs.org/@next/swc-darwin-arm64/-/swc-darwin-arm64-16.1.7.tgz 16945ms (cache miss)
566 http fetch GET 200 https://registry.npmjs.org/next/-/next-16.1.7.tgz 20326ms (cache miss)
567 info run sharp@0.34.5 install node_modules/sharp node install/check.js || npm run build
568 info run sharp@0.34.5 install { code: 0, signal: null }
569 silly ADD node_modules/client-only
570 silly ADD node_modules/semver
571 silly ADD node_modules/detect-libc
572 silly ADD node_modules/@img/sharp-libvips-darwin-arm64
573 silly ADD node_modules/@img/sharp-darwin-arm64
574 silly ADD node_modules/@img/colour
575 silly ADD node_modules/scheduler
576 silly ADD node_modules/source-map-js
577 silly ADD node_modules/picocolors
578 silly ADD node_modules/nanoid
579 silly ADD node_modules/tslib
580 silly ADD node_modules/styled-jsx
581 silly ADD node_modules/sharp
582 silly ADD node_modules/postcss
583 silly ADD node_modules/caniuse-lite
584 silly ADD node_modules/baseline-browser-mapping
585 silly ADD node_modules/@swc/helpers
586 silly ADD node_modules/@next/swc-darwin-arm64
587 silly ADD node_modules/@next/env
588 silly ADD node_modules/mime-db
589 silly ADD node_modules/dunder-proto
590 silly ADD node_modules/math-intrinsics
591 silly ADD node_modules/has-symbols
592 silly ADD node_modules/gopd
593 silly ADD node_modules/get-proto
594 silly ADD node_modules/function-bind
595 silly ADD node_modules/es-object-atoms
596 silly ADD node_modules/es-define-property
597 silly ADD node_modules/call-bind-apply-helpers
598 silly ADD node_modules/has-tostringtag
599 silly ADD node_modules/get-intrinsic
600 silly ADD node_modules/es-errors
601 silly ADD node_modules/delayed-stream
602 silly ADD node_modules/mime-types
603 silly ADD node_modules/hasown
604 silly ADD node_modules/es-set-tostringtag
605 silly ADD node_modules/combined-stream
606 silly ADD node_modules/asynckit
607 silly ADD node_modules/proxy-from-env
608 silly ADD node_modules/form-data
609 silly ADD node_modules/follow-redirects
610 silly ADD node_modules/react-dom
611 silly ADD node_modules/react
612 silly ADD node_modules/next
613 silly ADD node_modules/lucide-react
614 silly ADD node_modules/axios
615 verbose cwd /Applications/XAMPP/xamppfiles/htdocs/Test 1/titas_clone/frontend-next
616 verbose os Darwin 25.3.0
617 verbose node v24.13.0
618 verbose npm  v11.6.2
619 notice
619 notice New [33mminor[39m version of npm available! [33m11.6.2[39m -> [34m11.11.1[39m
619 notice Changelog: [34mhttps://github.com/npm/cli/releases/tag/v11.11.1[39m
619 notice To update run: [4mnpm install -g npm@11.11.1[24m
619 notice  { force: true, Symbol(proc-log.meta): true }
620 verbose exit 0
621 info ok
