0 verbose cli /usr/local/bin/node /usr/local/bin/npm
1 info using npm@11.6.2
2 info using node@v24.13.0
3 silly config load:file:/usr/local/lib/node_modules/npm/npmrc
4 silly config load:file:/Applications/XAMPP/xamppfiles/htdocs/Test 1/titas_clone/frontend-next/.npmrc
5 silly config load:file:/Users/robin/.npmrc
6 silly config load:file:/usr/local/etc/npmrc
7 verbose title npm install react-select
8 verbose argv "install" "react-select" "--save" "--cache" "./.npm-cache"
9 verbose logfile logs-max:10 dir:/Applications/XAMPP/xamppfiles/htdocs/Test 1/titas_clone/frontend-next/.npm-cache/_logs/2026-03-17T16_06_24_362Z-
10 verbose logfile /Applications/XAMPP/xamppfiles/htdocs/Test 1/titas_clone/frontend-next/.npm-cache/_logs/2026-03-17T16_06_24_362Z-debug-0.log
11 silly logfile done cleaning log files
12 silly packumentCache heap:4496293888 maxSize:1124073472 maxEntrySize:562036736
13 silly idealTree buildDeps
14 silly fetch manifest react-select@*
15 silly packumentCache full:https://registry.npmjs.org/react-select cache-miss
16 http cache https://registry.npmjs.org/react-select 290ms (cache hit)
17 silly packumentCache full:https://registry.npmjs.org/react-select set size:589706 disposed:false
18 silly fetch manifest react@^19.2.4
19 silly packumentCache full:https://registry.npmjs.org/react cache-miss
20 http cache https://registry.npmjs.org/react 145ms (cache hit)
21 silly packumentCache full:https://registry.npmjs.org/react set size:6543561 disposed:false
22 silly fetch manifest react-dom@^19.2.4
23 silly packumentCache full:https://registry.npmjs.org/react-dom cache-miss
24 http cache https://registry.npmjs.org/react-dom 143ms (cache hit)
25 silly packumentCache full:https://registry.npmjs.org/react-dom set size:8685222 disposed:false
26 silly placeDep ROOT react-select@5.10.2 OK for: frontend-next@1.0.0 want: *
27 silly fetch manifest @babel/runtime@^7.12.0
28 silly packumentCache full:https://registry.npmjs.org/@babel%2fruntime cache-miss
29 silly fetch manifest @emotion/cache@^11.4.0
30 silly packumentCache full:https://registry.npmjs.org/@emotion%2fcache cache-miss
31 silly fetch manifest @emotion/react@^11.8.1
32 silly packumentCache full:https://registry.npmjs.org/@emotion%2freact cache-miss
33 silly fetch manifest @floating-ui/dom@^1.0.1
34 silly packumentCache full:https://registry.npmjs.org/@floating-ui%2fdom cache-miss
35 silly fetch manifest @types/react-transition-group@^4.4.0
36 silly packumentCache full:https://registry.npmjs.org/@types%2freact-transition-group cache-miss
37 silly fetch manifest memoize-one@^6.0.0
38 silly packumentCache full:https://registry.npmjs.org/memoize-one cache-miss
39 silly fetch manifest prop-types@^15.6.0
40 silly packumentCache full:https://registry.npmjs.org/prop-types cache-miss
41 http cache https://registry.npmjs.org/@floating-ui%2fdom 150ms (cache hit)
42 silly packumentCache full:https://registry.npmjs.org/@floating-ui%2fdom set size:251540 disposed:false
43 silly fetch manifest react-transition-group@^4.3.0
44 silly packumentCache full:https://registry.npmjs.org/react-transition-group cache-miss
45 http cache https://registry.npmjs.org/@babel%2fruntime 298ms (cache hit)
46 silly packumentCache full:https://registry.npmjs.org/@babel%2fruntime set size:3372292 disposed:false
47 silly fetch manifest use-isomorphic-layout-effect@^1.2.0
48 silly packumentCache full:https://registry.npmjs.org/use-isomorphic-layout-effect cache-miss
49 http cache https://registry.npmjs.org/@emotion%2freact 505ms (cache hit)
50 silly packumentCache full:https://registry.npmjs.org/@emotion%2freact set size:196548 disposed:false
51 http cache https://registry.npmjs.org/@emotion%2fcache 526ms (cache hit)
52 silly packumentCache full:https://registry.npmjs.org/@emotion%2fcache set size:203709 disposed:false
53 http cache https://registry.npmjs.org/memoize-one 545ms (cache hit)
54 silly packumentCache full:https://registry.npmjs.org/memoize-one set size:217155 disposed:false
55 http cache https://registry.npmjs.org/prop-types 561ms (cache hit)
56 silly packumentCache full:https://registry.npmjs.org/prop-types set size:76747 disposed:false
57 http cache https://registry.npmjs.org/@types%2freact-transition-group 573ms (cache hit)
58 silly packumentCache full:https://registry.npmjs.org/@types%2freact-transition-group set size:107434 disposed:false
59 http cache https://registry.npmjs.org/use-isomorphic-layout-effect 234ms (cache hit)
60 silly packumentCache full:https://registry.npmjs.org/use-isomorphic-layout-effect set size:22208 disposed:false
61 http cache https://registry.npmjs.org/react-transition-group 490ms (cache hit)
62 silly packumentCache full:https://registry.npmjs.org/react-transition-group set size:110654 disposed:false
63 silly fetch manifest react@^16.8.0 || ^17.0.0 || ^18.0.0 || ^19.0.0
64 silly packumentCache full:https://registry.npmjs.org/react cache-miss
65 http cache https://registry.npmjs.org/react 149ms (cache hit)
66 silly packumentCache full:https://registry.npmjs.org/react set size:6543561 disposed:false
67 silly fetch manifest @types/react@*
68 silly packumentCache full:https://registry.npmjs.org/@types%2freact cache-miss
69 http cache https://registry.npmjs.org/@types%2freact 84ms (cache hit)
70 silly packumentCache full:https://registry.npmjs.org/@types%2freact set size:2588986 disposed:false
71 silly fetch manifest react-dom@^16.8.0 || ^17.0.0 || ^18.0.0 || ^19.0.0
72 silly packumentCache full:https://registry.npmjs.org/react-dom cache-miss
73 http cache https://registry.npmjs.org/react-dom 960ms (cache hit)
74 silly packumentCache full:https://registry.npmjs.org/react-dom set size:8685222 disposed:false
75 silly placeDep ROOT @babel/runtime@7.29.2 OK for: react-select@5.10.2 want: ^7.12.0
76 silly placeDep ROOT @emotion/cache@11.14.0 OK for: react-select@5.10.2 want: ^11.4.0
77 silly placeDep ROOT @emotion/react@11.14.0 OK for: react-select@5.10.2 want: ^11.8.1
78 silly placeDep ROOT @floating-ui/dom@1.7.6 OK for: react-select@5.10.2 want: ^1.0.1
79 silly placeDep ROOT @types/react-transition-group@4.4.12 OK for: react-select@5.10.2 want: ^4.4.0
80 silly placeDep ROOT @types/react@19.2.14 OK for: @types/react-transition-group@4.4.12 want: *
81 silly placeDep ROOT memoize-one@6.0.0 OK for: react-select@5.10.2 want: ^6.0.0
82 silly placeDep ROOT prop-types@15.8.1 OK for: react-select@5.10.2 want: ^15.6.0
83 silly placeDep ROOT react-transition-group@4.4.5 OK for: react-select@5.10.2 want: ^4.3.0
84 silly placeDep ROOT use-isomorphic-layout-effect@1.2.1 OK for: react-select@5.10.2 want: ^1.2.0
85 silly fetch manifest @emotion/memoize@^0.9.0
86 silly packumentCache full:https://registry.npmjs.org/@emotion%2fmemoize cache-miss
87 silly fetch manifest @emotion/sheet@^1.4.0
88 silly packumentCache full:https://registry.npmjs.org/@emotion%2fsheet cache-miss
89 silly fetch manifest @emotion/utils@^1.4.2
90 silly packumentCache full:https://registry.npmjs.org/@emotion%2futils cache-miss
91 silly fetch manifest @emotion/weak-memoize@^0.4.0
92 silly packumentCache full:https://registry.npmjs.org/@emotion%2fweak-memoize cache-miss
93 silly fetch manifest stylis@4.2.0
94 silly packumentCache full:https://registry.npmjs.org/stylis cache-miss
95 silly fetch manifest @emotion/babel-plugin@^11.13.5
96 silly packumentCache full:https://registry.npmjs.org/@emotion%2fbabel-plugin cache-miss
97 silly fetch manifest @emotion/serialize@^1.3.3
98 silly packumentCache full:https://registry.npmjs.org/@emotion%2fserialize cache-miss
99 http cache https://registry.npmjs.org/stylis 767ms (cache hit)
100 silly packumentCache full:https://registry.npmjs.org/stylis set size:334780 disposed:false
101 silly fetch manifest @emotion/use-insertion-effect-with-fallbacks@^1.2.0
102 silly packumentCache full:https://registry.npmjs.org/@emotion%2fuse-insertion-effect-with-fallbacks cache-miss
103 http cache https://registry.npmjs.org/@emotion%2fbabel-plugin 1198ms (cache hit)
104 silly packumentCache full:https://registry.npmjs.org/@emotion%2fbabel-plugin set size:83085 disposed:false
105 silly fetch manifest @emotion/utils@^1.4.2
106 silly packumentCache full:https://registry.npmjs.org/@emotion%2futils cache-miss
107 http cache https://registry.npmjs.org/@emotion%2fserialize 1420ms (cache hit)
108 silly packumentCache full:https://registry.npmjs.org/@emotion%2fserialize set size:167908 disposed:false
109 silly fetch manifest @emotion/weak-memoize@^0.4.0
110 silly packumentCache full:https://registry.npmjs.org/@emotion%2fweak-memoize cache-miss
111 http cache https://registry.npmjs.org/@emotion%2fweak-memoize 1442ms (cache hit)
112 silly packumentCache full:https://registry.npmjs.org/@emotion%2fweak-memoize set size:38359 disposed:false
113 silly fetch manifest hoist-non-react-statics@^3.3.1
114 silly packumentCache full:https://registry.npmjs.org/hoist-non-react-statics cache-miss
115 http cache https://registry.npmjs.org/@emotion%2fsheet 1458ms (cache hit)
116 silly packumentCache full:https://registry.npmjs.org/@emotion%2fsheet set size:96903 disposed:false
117 silly fetch manifest @floating-ui/core@^1.7.5
118 silly packumentCache full:https://registry.npmjs.org/@floating-ui%2fcore cache-miss
119 http cache https://registry.npmjs.org/@emotion%2fmemoize 1491ms (cache hit)
120 silly packumentCache full:https://registry.npmjs.org/@emotion%2fmemoize set size:42731 disposed:false
121 silly fetch manifest @floating-ui/utils@^0.2.11
122 silly packumentCache full:https://registry.npmjs.org/@floating-ui%2futils cache-miss
123 http cache https://registry.npmjs.org/@emotion%2futils 1507ms (cache hit)
124 silly packumentCache full:https://registry.npmjs.org/@emotion%2futils set size:84286 disposed:false
125 silly fetch manifest csstype@^3.2.2
126 silly packumentCache full:https://registry.npmjs.org/csstype cache-miss
127 http cache https://registry.npmjs.org/@emotion%2fuse-insertion-effect-with-fallbacks 824ms (cache hit)
128 silly packumentCache full:https://registry.npmjs.org/@emotion%2fuse-insertion-effect-with-fallbacks set size:14021 disposed:false
129 silly fetch manifest loose-envify@^1.4.0
130 silly packumentCache full:https://registry.npmjs.org/loose-envify cache-miss
131 http cache https://registry.npmjs.org/@emotion%2fweak-memoize 437ms (cache hit)
132 silly packumentCache full:https://registry.npmjs.org/@emotion%2fweak-memoize set size:38359 disposed:false
133 silly packumentCache full:https://registry.npmjs.org/@emotion%2fweak-memoize dispose
134 silly fetch manifest object-assign@^4.1.1
135 silly packumentCache full:https://registry.npmjs.org/object-assign cache-miss
136 http cache https://registry.npmjs.org/@emotion%2futils 1181ms (cache hit)
137 silly packumentCache full:https://registry.npmjs.org/@emotion%2futils set size:84286 disposed:false
138 silly packumentCache full:https://registry.npmjs.org/@emotion%2futils dispose
139 silly fetch manifest react-is@^16.13.1
140 silly packumentCache full:https://registry.npmjs.org/react-is cache-miss
141 http cache https://registry.npmjs.org/csstype 1077ms (cache hit)
142 silly packumentCache full:https://registry.npmjs.org/csstype set size:274189 disposed:false
143 silly fetch manifest dom-helpers@^5.0.1
144 silly packumentCache full:https://registry.npmjs.org/dom-helpers cache-miss
145 http cache https://registry.npmjs.org/@floating-ui%2futils 1261ms (cache hit)
146 silly packumentCache full:https://registry.npmjs.org/@floating-ui%2futils set size:51278 disposed:false
147 silly fetch manifest loose-envify@^1.4.0
148 silly packumentCache full:https://registry.npmjs.org/loose-envify cache-miss
149 http cache https://registry.npmjs.org/@floating-ui%2fcore 1354ms (cache hit)
150 silly packumentCache full:https://registry.npmjs.org/@floating-ui%2fcore set size:179277 disposed:false
151 http cache https://registry.npmjs.org/hoist-non-react-statics 1731ms (cache hit)
152 silly packumentCache full:https://registry.npmjs.org/hoist-non-react-statics set size:97044 disposed:false
153 http cache https://registry.npmjs.org/loose-envify 1884ms (cache hit)
154 silly packumentCache full:https://registry.npmjs.org/loose-envify set size:12559 disposed:false
155 http cache https://registry.npmjs.org/object-assign 1323ms (cache hit)
156 silly packumentCache full:https://registry.npmjs.org/object-assign set size:28988 disposed:false
157 http cache https://registry.npmjs.org/dom-helpers 967ms (cache hit)
158 silly packumentCache full:https://registry.npmjs.org/dom-helpers set size:76331 disposed:false
159 http cache https://registry.npmjs.org/loose-envify 969ms (cache hit)
160 silly packumentCache full:https://registry.npmjs.org/loose-envify set size:12559 disposed:false
161 silly packumentCache full:https://registry.npmjs.org/loose-envify dispose
162 http cache https://registry.npmjs.org/react-is 1269ms (cache hit)
163 silly packumentCache full:https://registry.npmjs.org/react-is set size:5297550 disposed:false
164 silly placeDep ROOT @emotion/memoize@0.9.0 OK for: @emotion/cache@11.14.0 want: ^0.9.0
165 silly placeDep ROOT @emotion/sheet@1.4.0 OK for: @emotion/cache@11.14.0 want: ^1.4.0
166 silly placeDep ROOT @emotion/utils@1.4.2 OK for: @emotion/cache@11.14.0 want: ^1.4.2
167 silly placeDep ROOT @emotion/weak-memoize@0.4.0 OK for: @emotion/cache@11.14.0 want: ^0.4.0
168 silly placeDep ROOT stylis@4.2.0 OK for: @emotion/cache@11.14.0 want: 4.2.0
169 silly fetch manifest react@>=16.8.0
170 silly packumentCache full:https://registry.npmjs.org/react cache-miss
171 http cache https://registry.npmjs.org/react 3893ms (cache hit)
172 silly packumentCache full:https://registry.npmjs.org/react set size:6543561 disposed:false
173 silly placeDep ROOT @emotion/babel-plugin@11.13.5 OK for: @emotion/react@11.14.0 want: ^11.13.5
174 silly placeDep ROOT @emotion/serialize@1.3.3 OK for: @emotion/react@11.14.0 want: ^1.3.3
175 silly placeDep ROOT @emotion/use-insertion-effect-with-fallbacks@1.2.0 OK for: @emotion/react@11.14.0 want: ^1.2.0
176 silly placeDep ROOT hoist-non-react-statics@3.3.2 OK for: @emotion/react@11.14.0 want: ^3.3.1
177 silly fetch manifest @babel/helper-module-imports@^7.16.7
178 silly packumentCache full:https://registry.npmjs.org/@babel%2fhelper-module-imports cache-miss
179 silly fetch manifest @emotion/hash@^0.9.2
180 silly packumentCache full:https://registry.npmjs.org/@emotion%2fhash cache-miss
181 silly fetch manifest babel-plugin-macros@^3.1.0
182 silly packumentCache full:https://registry.npmjs.org/babel-plugin-macros cache-miss
183 silly fetch manifest convert-source-map@^1.5.0
184 silly packumentCache full:https://registry.npmjs.org/convert-source-map cache-miss
185 silly fetch manifest escape-string-regexp@^4.0.0
186 silly packumentCache full:https://registry.npmjs.org/escape-string-regexp cache-miss
187 silly fetch manifest find-root@^1.1.0
188 silly packumentCache full:https://registry.npmjs.org/find-root cache-miss
189 silly fetch manifest source-map@^0.5.7
190 silly packumentCache full:https://registry.npmjs.org/source-map cache-miss
191 http cache https://registry.npmjs.org/source-map 148ms (cache hit)
192 silly packumentCache full:https://registry.npmjs.org/source-map set size:226141 disposed:false
193 silly fetch manifest @emotion/hash@^0.9.2
194 silly packumentCache full:https://registry.npmjs.org/@emotion%2fhash cache-miss
195 http cache https://registry.npmjs.org/@emotion%2fhash 310ms (cache hit)
196 silly packumentCache full:https://registry.npmjs.org/@emotion%2fhash set size:40996 disposed:false
197 silly fetch manifest @emotion/unitless@^0.10.0
198 silly packumentCache full:https://registry.npmjs.org/@emotion%2funitless cache-miss
199 http cache https://registry.npmjs.org/@babel%2fhelper-module-imports 316ms (cache hit)
200 silly packumentCache full:https://registry.npmjs.org/@babel%2fhelper-module-imports set size:193449 disposed:false
201 silly fetch manifest csstype@^3.0.2
202 silly packumentCache full:https://registry.npmjs.org/csstype cache-hit
203 silly fetch manifest react-is@^16.7.0
204 silly packumentCache full:https://registry.npmjs.org/react-is cache-miss
205 http cache https://registry.npmjs.org/find-root 222ms (cache hit)
206 silly packumentCache full:https://registry.npmjs.org/find-root set size:9367 disposed:false
207 http cache https://registry.npmjs.org/convert-source-map 276ms (cache hit)
208 silly packumentCache full:https://registry.npmjs.org/convert-source-map set size:66997 disposed:false
209 http cache https://registry.npmjs.org/escape-string-regexp 279ms (cache hit)
210 silly packumentCache full:https://registry.npmjs.org/escape-string-regexp set size:22244 disposed:false
211 http cache https://registry.npmjs.org/babel-plugin-macros 285ms (cache hit)
212 silly packumentCache full:https://registry.npmjs.org/babel-plugin-macros set size:124320 disposed:false
213 http cache https://registry.npmjs.org/@emotion%2fhash 120ms (cache hit)
214 silly packumentCache full:https://registry.npmjs.org/@emotion%2fhash set size:40996 disposed:false
215 silly packumentCache full:https://registry.npmjs.org/@emotion%2fhash dispose
216 http cache https://registry.npmjs.org/@emotion%2funitless 140ms (cache hit)
217 silly packumentCache full:https://registry.npmjs.org/@emotion%2funitless set size:45815 disposed:false
218 http cache https://registry.npmjs.org/react-is 128ms (cache hit)
219 silly packumentCache full:https://registry.npmjs.org/react-is set size:5297550 disposed:false
220 silly placeDep ROOT @babel/helper-module-imports@7.28.6 OK for: @emotion/babel-plugin@11.13.5 want: ^7.16.7
221 silly placeDep ROOT @emotion/hash@0.9.2 OK for: @emotion/babel-plugin@11.13.5 want: ^0.9.2
222 silly placeDep ROOT babel-plugin-macros@3.1.0 OK for: @emotion/babel-plugin@11.13.5 want: ^3.1.0
223 silly placeDep ROOT convert-source-map@1.9.0 OK for: @emotion/babel-plugin@11.13.5 want: ^1.5.0
224 silly placeDep ROOT escape-string-regexp@4.0.0 OK for: @emotion/babel-plugin@11.13.5 want: ^4.0.0
225 silly placeDep ROOT find-root@1.1.0 OK for: @emotion/babel-plugin@11.13.5 want: ^1.1.0
226 silly placeDep ROOT source-map@0.5.7 OK for: @emotion/babel-plugin@11.13.5 want: ^0.5.7
227 silly fetch manifest @babel/types@^7.28.6
228 silly packumentCache full:https://registry.npmjs.org/@babel%2ftypes cache-miss
229 silly fetch manifest @babel/traverse@^7.28.6
230 silly packumentCache full:https://registry.npmjs.org/@babel%2ftraverse cache-miss
231 silly fetch manifest cosmiconfig@^7.0.0
232 silly packumentCache full:https://registry.npmjs.org/cosmiconfig cache-miss
233 silly fetch manifest resolve@^1.19.0
234 silly packumentCache full:https://registry.npmjs.org/resolve cache-miss
235 http cache https://registry.npmjs.org/@babel%2ftypes 184ms (cache hit)
236 silly packumentCache full:https://registry.npmjs.org/@babel%2ftypes set size:487885 disposed:false
237 http cache https://registry.npmjs.org/@babel%2ftraverse 197ms (cache hit)
238 silly packumentCache full:https://registry.npmjs.org/@babel%2ftraverse set size:548722 disposed:false
239 http cache https://registry.npmjs.org/cosmiconfig 215ms (cache hit)
240 silly packumentCache full:https://registry.npmjs.org/cosmiconfig set size:222324 disposed:false
241 http cache https://registry.npmjs.org/resolve 250ms (cache hit)
242 silly packumentCache full:https://registry.npmjs.org/resolve set size:238156 disposed:false
243 silly placeDep ROOT @babel/traverse@7.29.0 OK for: @babel/helper-module-imports@7.28.6 want: ^7.28.6
244 silly placeDep ROOT @babel/types@7.29.0 OK for: @babel/helper-module-imports@7.28.6 want: ^7.28.6
245 silly fetch manifest debug@^4.3.1
246 silly packumentCache full:https://registry.npmjs.org/debug cache-miss
247 silly fetch manifest @babel/types@^7.29.0
248 silly packumentCache full:https://registry.npmjs.org/@babel%2ftypes cache-hit
249 silly fetch manifest @babel/parser@^7.29.0
250 silly packumentCache full:https://registry.npmjs.org/@babel%2fparser cache-miss
251 silly fetch manifest @babel/template@^7.28.6
252 silly packumentCache full:https://registry.npmjs.org/@babel%2ftemplate cache-miss
253 silly fetch manifest @babel/generator@^7.29.0
254 silly packumentCache full:https://registry.npmjs.org/@babel%2fgenerator cache-miss
255 silly fetch manifest @babel/code-frame@^7.29.0
256 silly packumentCache full:https://registry.npmjs.org/@babel%2fcode-frame cache-miss
257 silly fetch manifest @babel/helper-globals@^7.28.0
258 silly packumentCache full:https://registry.npmjs.org/@babel%2fhelper-globals cache-miss
259 silly fetch manifest @babel/helper-string-parser@^7.27.1
260 silly packumentCache full:https://registry.npmjs.org/@babel%2fhelper-string-parser cache-miss
261 http cache https://registry.npmjs.org/@babel%2fcode-frame 118ms (cache hit)
262 silly packumentCache full:https://registry.npmjs.org/@babel%2fcode-frame set size:196196 disposed:false
263 silly fetch manifest @babel/helper-validator-identifier@^7.28.5
264 silly packumentCache full:https://registry.npmjs.org/@babel%2fhelper-validator-identifier cache-miss
265 http cache https://registry.npmjs.org/debug 131ms (cache hit)
266 silly packumentCache full:https://registry.npmjs.org/debug set size:195840 disposed:false
267 http cache https://registry.npmjs.org/@babel%2ftemplate 150ms (cache hit)
268 silly packumentCache full:https://registry.npmjs.org/@babel%2ftemplate set size:227169 disposed:false
269 http cache https://registry.npmjs.org/@babel%2fparser 160ms (cache hit)
270 silly packumentCache full:https://registry.npmjs.org/@babel%2fparser set size:718758 disposed:false
271 http cache https://registry.npmjs.org/@babel%2fhelper-globals 184ms (cache hit)
272 silly packumentCache full:https://registry.npmjs.org/@babel%2fhelper-globals set size:15475 disposed:false
273 http cache https://registry.npmjs.org/@babel%2fhelper-string-parser 196ms (cache hit)
274 silly packumentCache full:https://registry.npmjs.org/@babel%2fhelper-string-parser set size:82028 disposed:false
275 http cache https://registry.npmjs.org/@babel%2fgenerator 205ms (cache hit)
276 silly packumentCache full:https://registry.npmjs.org/@babel%2fgenerator set size:507107 disposed:false
277 http cache https://registry.npmjs.org/@babel%2fhelper-validator-identifier 126ms (cache hit)
278 silly packumentCache full:https://registry.npmjs.org/@babel%2fhelper-validator-identifier set size:116299 disposed:false
279 silly placeDep ROOT @babel/code-frame@7.29.0 OK for: @babel/traverse@7.29.0 want: ^7.29.0
280 silly placeDep ROOT @babel/generator@7.29.1 OK for: @babel/traverse@7.29.0 want: ^7.29.0
281 silly placeDep ROOT @babel/helper-globals@7.28.0 OK for: @babel/traverse@7.29.0 want: ^7.28.0
282 silly placeDep ROOT @babel/parser@7.29.2 OK for: @babel/traverse@7.29.0 want: ^7.29.0
283 silly placeDep ROOT @babel/template@7.28.6 OK for: @babel/traverse@7.29.0 want: ^7.28.6
284 silly placeDep ROOT debug@4.4.3 OK for: @babel/traverse@7.29.0 want: ^4.3.1
285 silly fetch manifest js-tokens@^4.0.0
286 silly packumentCache full:https://registry.npmjs.org/js-tokens cache-miss
287 silly fetch manifest jsesc@^3.0.2
288 silly packumentCache full:https://registry.npmjs.org/jsesc cache-miss
289 silly fetch manifest @jridgewell/gen-mapping@^0.3.12
290 silly packumentCache full:https://registry.npmjs.org/@jridgewell%2fgen-mapping cache-miss
291 silly fetch manifest @jridgewell/trace-mapping@^0.3.28
292 silly packumentCache full:https://registry.npmjs.org/@jridgewell%2ftrace-mapping cache-miss
293 silly fetch manifest ms@^2.1.3
294 silly packumentCache full:https://registry.npmjs.org/ms cache-miss
295 http cache https://registry.npmjs.org/jsesc 61ms (cache hit)
296 silly packumentCache full:https://registry.npmjs.org/jsesc set size:61512 disposed:false
297 http cache https://registry.npmjs.org/js-tokens 68ms (cache hit)
298 silly packumentCache full:https://registry.npmjs.org/js-tokens set size:41947 disposed:false
299 http cache https://registry.npmjs.org/@jridgewell%2fgen-mapping 71ms (cache hit)
300 silly packumentCache full:https://registry.npmjs.org/@jridgewell%2fgen-mapping set size:80719 disposed:false
301 http cache https://registry.npmjs.org/ms 72ms (cache hit)
302 silly packumentCache full:https://registry.npmjs.org/ms set size:92208 disposed:false
303 http cache https://registry.npmjs.org/@jridgewell%2ftrace-mapping 82ms (cache hit)
304 silly packumentCache full:https://registry.npmjs.org/@jridgewell%2ftrace-mapping set size:170909 disposed:false
305 silly placeDep ROOT @babel/helper-validator-identifier@7.28.5 OK for: @babel/code-frame@7.29.0 want: ^7.28.5
306 silly placeDep ROOT js-tokens@4.0.0 OK for: @babel/code-frame@7.29.0 want: ^4.0.0
307 silly placeDep ROOT @jridgewell/gen-mapping@0.3.13 OK for: @babel/generator@7.29.1 want: ^0.3.12
308 silly placeDep ROOT @jridgewell/trace-mapping@0.3.31 OK for: @babel/generator@7.29.1 want: ^0.3.28
309 silly placeDep ROOT jsesc@3.1.0 OK for: @babel/generator@7.29.1 want: ^3.0.2
310 silly fetch manifest @jridgewell/sourcemap-codec@^1.5.0
311 silly packumentCache full:https://registry.npmjs.org/@jridgewell%2fsourcemap-codec cache-miss
312 silly fetch manifest @jridgewell/trace-mapping@^0.3.24
313 silly packumentCache full:https://registry.npmjs.org/@jridgewell%2ftrace-mapping cache-hit
314 silly fetch manifest @jridgewell/resolve-uri@^3.1.0
315 silly packumentCache full:https://registry.npmjs.org/@jridgewell%2fresolve-uri cache-miss
316 silly fetch manifest @jridgewell/sourcemap-codec@^1.4.14
317 silly packumentCache full:https://registry.npmjs.org/@jridgewell%2fsourcemap-codec cache-miss
318 http cache https://registry.npmjs.org/@jridgewell%2fsourcemap-codec 198ms (cache hit)
319 silly packumentCache full:https://registry.npmjs.org/@jridgewell%2fsourcemap-codec set size:59275 disposed:false
320 http cache https://registry.npmjs.org/@jridgewell%2fsourcemap-codec 223ms (cache hit)
321 silly packumentCache full:https://registry.npmjs.org/@jridgewell%2fsourcemap-codec set size:59275 disposed:false
322 silly packumentCache full:https://registry.npmjs.org/@jridgewell%2fsourcemap-codec dispose
323 http cache https://registry.npmjs.org/@jridgewell%2fresolve-uri 207ms (cache hit)
324 silly packumentCache full:https://registry.npmjs.org/@jridgewell%2fresolve-uri set size:57361 disposed:false
325 silly placeDep ROOT @babel/helper-string-parser@7.27.1 OK for: @babel/types@7.29.0 want: ^7.27.1
326 silly placeDep ROOT @emotion/unitless@0.10.0 OK for: @emotion/serialize@1.3.3 want: ^0.10.0
327 silly placeDep ROOT csstype@3.2.3 OK for: @emotion/serialize@1.3.3 want: ^3.0.2
328 silly placeDep ROOT @floating-ui/core@1.7.5 OK for: @floating-ui/dom@1.7.6 want: ^1.7.5
329 silly placeDep ROOT @floating-ui/utils@0.2.11 OK for: @floating-ui/dom@1.7.6 want: ^0.2.11
330 silly placeDep ROOT @jridgewell/sourcemap-codec@1.5.5 OK for: @jridgewell/gen-mapping@0.3.13 want: ^1.5.0
331 silly placeDep ROOT @jridgewell/resolve-uri@3.1.2 OK for: @jridgewell/trace-mapping@0.3.31 want: ^3.1.0
332 silly placeDep ROOT cosmiconfig@7.1.0 OK for: babel-plugin-macros@3.1.0 want: ^7.0.0
333 silly placeDep ROOT resolve@1.22.11 OK for: babel-plugin-macros@3.1.0 want: ^1.19.0
334 silly fetch manifest yaml@^1.10.0
335 silly packumentCache full:https://registry.npmjs.org/yaml cache-miss
336 silly fetch manifest path-type@^4.0.0
337 silly packumentCache full:https://registry.npmjs.org/path-type cache-miss
338 silly fetch manifest parse-json@^5.0.0
339 silly packumentCache full:https://registry.npmjs.org/parse-json cache-miss
340 silly fetch manifest import-fresh@^3.2.1
341 silly packumentCache full:https://registry.npmjs.org/import-fresh cache-miss
342 silly fetch manifest @types/parse-json@^4.0.0
343 silly packumentCache full:https://registry.npmjs.org/@types%2fparse-json cache-miss
344 silly fetch manifest path-parse@^1.0.7
345 silly packumentCache full:https://registry.npmjs.org/path-parse cache-miss
346 silly fetch manifest is-core-module@^2.16.1
347 silly packumentCache full:https://registry.npmjs.org/is-core-module cache-miss
348 http cache https://registry.npmjs.org/parse-json 153ms (cache hit)
349 silly packumentCache full:https://registry.npmjs.org/parse-json set size:48198 disposed:false
350 silly fetch manifest supports-preserve-symlinks-flag@^1.0.0
351 silly packumentCache full:https://registry.npmjs.org/supports-preserve-symlinks-flag cache-miss
352 http cache https://registry.npmjs.org/path-type 159ms (cache hit)
353 silly packumentCache full:https://registry.npmjs.org/path-type set size:15341 disposed:false
354 http cache https://registry.npmjs.org/import-fresh 161ms (cache hit)
355 silly packumentCache full:https://registry.npmjs.org/import-fresh set size:24604 disposed:false
356 http cache https://registry.npmjs.org/path-parse 167ms (cache hit)
357 silly packumentCache full:https://registry.npmjs.org/path-parse set size:14523 disposed:false
358 http cache https://registry.npmjs.org/yaml 179ms (cache hit)
359 silly packumentCache full:https://registry.npmjs.org/yaml set size:361552 disposed:false
360 http cache https://registry.npmjs.org/is-core-module 204ms (cache hit)
361 silly packumentCache full:https://registry.npmjs.org/is-core-module set size:71788 disposed:false
362 http cache https://registry.npmjs.org/@types%2fparse-json 351ms (cache hit)
363 silly packumentCache full:https://registry.npmjs.org/@types%2fparse-json set size:6477 disposed:false
364 http cache https://registry.npmjs.org/supports-preserve-symlinks-flag 835ms (cache hit)
365 silly packumentCache full:https://registry.npmjs.org/supports-preserve-symlinks-flag set size:6802 disposed:false
366 silly placeDep ROOT @types/parse-json@4.0.2 OK for: cosmiconfig@7.1.0 want: ^4.0.0
367 silly placeDep ROOT import-fresh@3.3.1 OK for: cosmiconfig@7.1.0 want: ^3.2.1
368 silly placeDep ROOT parse-json@5.2.0 OK for: cosmiconfig@7.1.0 want: ^5.0.0
369 silly placeDep ROOT path-type@4.0.0 OK for: cosmiconfig@7.1.0 want: ^4.0.0
370 silly placeDep ROOT yaml@1.10.2 OK for: cosmiconfig@7.1.0 want: ^1.10.0
371 silly fetch manifest resolve-from@^4.0.0
372 silly packumentCache full:https://registry.npmjs.org/resolve-from cache-miss
373 silly fetch manifest parent-module@^1.0.0
374 silly packumentCache full:https://registry.npmjs.org/parent-module cache-miss
375 silly fetch manifest error-ex@^1.3.1
376 silly packumentCache full:https://registry.npmjs.org/error-ex cache-miss
377 silly fetch manifest lines-and-columns@^1.1.6
378 silly packumentCache full:https://registry.npmjs.org/lines-and-columns cache-miss
379 silly fetch manifest json-parse-even-better-errors@^2.3.0
380 silly packumentCache full:https://registry.npmjs.org/json-parse-even-better-errors cache-miss
381 http cache https://registry.npmjs.org/resolve-from 875ms (cache hit)
382 silly packumentCache full:https://registry.npmjs.org/resolve-from set size:12911 disposed:false
383 http cache https://registry.npmjs.org/parent-module 830ms (cache hit)
384 silly packumentCache full:https://registry.npmjs.org/parent-module set size:18255 disposed:false
385 http cache https://registry.npmjs.org/lines-and-columns 783ms (cache hit)
386 silly packumentCache full:https://registry.npmjs.org/lines-and-columns set size:73796 disposed:false
387 http cache https://registry.npmjs.org/error-ex 828ms (cache hit)
388 silly packumentCache full:https://registry.npmjs.org/error-ex set size:31684 disposed:false
389 http cache https://registry.npmjs.org/json-parse-even-better-errors 771ms (cache hit)
390 silly packumentCache full:https://registry.npmjs.org/json-parse-even-better-errors set size:34572 disposed:false
391 silly placeDep ROOT ms@2.1.3 OK for: debug@4.4.3 want: ^2.1.3
392 silly placeDep ROOT react-is@16.13.1 OK for: hoist-non-react-statics@3.3.2 want: ^16.7.0
393 silly placeDep ROOT parent-module@1.0.1 OK for: import-fresh@3.3.1 want: ^1.0.0
394 silly placeDep ROOT resolve-from@4.0.0 OK for: import-fresh@3.3.1 want: ^4.0.0
395 silly fetch manifest callsites@^3.0.0
396 silly packumentCache full:https://registry.npmjs.org/callsites cache-miss
397 http cache https://registry.npmjs.org/callsites 108ms (cache hit)
398 silly packumentCache full:https://registry.npmjs.org/callsites set size:21349 disposed:false
399 silly placeDep ROOT callsites@3.1.0 OK for: parent-module@1.0.1 want: ^3.0.0
400 silly placeDep ROOT error-ex@1.3.4 OK for: parse-json@5.2.0 want: ^1.3.1
401 silly placeDep ROOT json-parse-even-better-errors@2.3.1 OK for: parse-json@5.2.0 want: ^2.3.0
402 silly placeDep ROOT lines-and-columns@1.2.4 OK for: parse-json@5.2.0 want: ^1.1.6
403 silly fetch manifest is-arrayish@^0.2.1
404 silly packumentCache full:https://registry.npmjs.org/is-arrayish cache-miss
405 http cache https://registry.npmjs.org/is-arrayish 150ms (cache hit)
406 silly packumentCache full:https://registry.npmjs.org/is-arrayish set size:15371 disposed:false
407 silly placeDep ROOT is-arrayish@0.2.1 OK for: error-ex@1.3.4 want: ^0.2.1
408 silly placeDep ROOT loose-envify@1.4.0 OK for: prop-types@15.8.1 want: ^1.4.0
409 silly placeDep ROOT object-assign@4.1.1 OK for: prop-types@15.8.1 want: ^4.1.1
410 silly placeDep ROOT dom-helpers@5.2.1 OK for: react-transition-group@4.4.5 want: ^5.0.1
411 silly placeDep ROOT is-core-module@2.16.1 OK for: resolve@1.22.11 want: ^2.16.1
412 silly placeDep ROOT path-parse@1.0.7 OK for: resolve@1.22.11 want: ^1.0.7
413 silly placeDep ROOT supports-preserve-symlinks-flag@1.0.0 OK for: resolve@1.22.11 want: ^1.0.0
414 silly reify moves {}
415 silly audit bulk request {
415 silly audit   '@emnapi/runtime': [ '1.9.0' ],
415 silly audit   '@img/colour': [ '1.1.0' ],
415 silly audit   '@img/sharp-darwin-arm64': [ '0.34.5' ],
415 silly audit   '@img/sharp-darwin-x64': [ '0.34.5' ],
415 silly audit   '@img/sharp-libvips-darwin-arm64': [ '1.2.4' ],
415 silly audit   '@img/sharp-libvips-darwin-x64': [ '1.2.4' ],
415 silly audit   '@img/sharp-libvips-linux-arm': [ '1.2.4' ],
415 silly audit   '@img/sharp-libvips-linux-arm64': [ '1.2.4' ],
415 silly audit   '@img/sharp-libvips-linux-ppc64': [ '1.2.4' ],
415 silly audit   '@img/sharp-libvips-linux-riscv64': [ '1.2.4' ],
415 silly audit   '@img/sharp-libvips-linux-s390x': [ '1.2.4' ],
415 silly audit   '@img/sharp-libvips-linux-x64': [ '1.2.4' ],
415 silly audit   '@img/sharp-libvips-linuxmusl-arm64': [ '1.2.4' ],
415 silly audit   '@img/sharp-libvips-linuxmusl-x64': [ '1.2.4' ],
415 silly audit   '@img/sharp-linux-arm': [ '0.34.5' ],
415 silly audit   '@img/sharp-linux-arm64': [ '0.34.5' ],
415 silly audit   '@img/sharp-linux-ppc64': [ '0.34.5' ],
415 silly audit   '@img/sharp-linux-riscv64': [ '0.34.5' ],
415 silly audit   '@img/sharp-linux-s390x': [ '0.34.5' ],
415 silly audit   '@img/sharp-linux-x64': [ '0.34.5' ],
415 silly audit   '@img/sharp-linuxmusl-arm64': [ '0.34.5' ],
415 silly audit   '@img/sharp-linuxmusl-x64': [ '0.34.5' ],
415 silly audit   '@img/sharp-wasm32': [ '0.34.5' ],
415 silly audit   '@img/sharp-win32-arm64': [ '0.34.5' ],
415 silly audit   '@img/sharp-win32-ia32': [ '0.34.5' ],
415 silly audit   '@img/sharp-win32-x64': [ '0.34.5' ],
415 silly audit   '@next/env': [ '16.1.7' ],
415 silly audit   '@next/swc-darwin-arm64': [ '16.1.7' ],
415 silly audit   '@next/swc-darwin-x64': [ '16.1.7' ],
415 silly audit   '@next/swc-linux-arm64-gnu': [ '16.1.7' ],
415 silly audit   '@next/swc-linux-arm64-musl': [ '16.1.7' ],
415 silly audit   '@next/swc-linux-x64-gnu': [ '16.1.7' ],
415 silly audit   '@next/swc-linux-x64-musl': [ '16.1.7' ],
415 silly audit   '@next/swc-win32-arm64-msvc': [ '16.1.7' ],
415 silly audit   '@next/swc-win32-x64-msvc': [ '16.1.7' ],
415 silly audit   '@swc/helpers': [ '0.5.15' ],
415 silly audit   asynckit: [ '0.4.0' ],
415 silly audit   axios: [ '1.13.6' ],
415 silly audit   'baseline-browser-mapping': [ '2.10.8' ],
415 silly audit   'call-bind-apply-helpers': [ '1.0.2' ],
415 silly audit   'caniuse-lite': [ '1.0.30001780' ],
415 silly audit   'client-only': [ '0.0.1' ],
415 silly audit   'combined-stream': [ '1.0.8' ],
415 silly audit   'delayed-stream': [ '1.0.0' ],
415 silly audit   'detect-libc': [ '2.1.2' ],
415 silly audit   'dunder-proto': [ '1.0.1' ],
415 silly audit   'es-define-property': [ '1.0.1' ],
415 silly audit   'es-errors': [ '1.3.0' ],
415 silly audit   'es-object-atoms': [ '1.1.1' ],
415 silly audit   'es-set-tostringtag': [ '2.1.0' ],
415 silly audit   'follow-redirects': [ '1.15.11' ],
415 silly audit   'form-data': [ '4.0.5' ],
415 silly audit   'function-bind': [ '1.1.2' ],
415 silly audit   'get-intrinsic': [ '1.3.0' ],
415 silly audit   'get-proto': [ '1.0.1' ],
415 silly audit   gopd: [ '1.2.0' ],
415 silly audit   'has-symbols': [ '1.1.0' ],
415 silly audit   'has-tostringtag': [ '1.0.2' ],
415 silly audit   hasown: [ '2.0.2' ],
415 silly audit   'lucide-react': [ '0.577.0' ],
415 silly audit   'math-intrinsics': [ '1.1.0' ],
415 silly audit   'mime-db': [ '1.52.0' ],
415 silly audit   'mime-types': [ '2.1.35' ],
415 silly audit   nanoid: [ '3.3.11' ],
415 silly audit   next: [ '16.1.7' ],
415 silly audit   picocolors: [ '1.1.1' ],
415 silly audit   postcss: [ '8.4.31' ],
415 silly audit   'proxy-from-env': [ '1.1.0' ],
415 silly audit   react: [ '19.2.4' ],
415 silly audit   'react-dom': [ '19.2.4' ],
415 silly audit   scheduler: [ '0.27.0' ],
415 silly audit   semver: [ '7.7.4' ],
415 silly audit   sharp: [ '0.34.5' ],
415 silly audit   'source-map-js': [ '1.2.1' ],
415 silly audit   'styled-jsx': [ '5.1.6' ],
415 silly audit   tslib: [ '2.8.1' ],
415 silly audit   'react-select': [ '5.10.2' ],
415 silly audit   '@babel/runtime': [ '7.29.2' ],
415 silly audit   '@emotion/cache': [ '11.14.0' ],
415 silly audit   '@emotion/react': [ '11.14.0' ],
415 silly audit   '@floating-ui/dom': [ '1.7.6' ],
415 silly audit   '@types/react-transition-group': [ '4.4.12' ],
415 silly audit   '@types/react': [ '19.2.14' ],
415 silly audit   'memoize-one': [ '6.0.0' ],
415 silly audit   'prop-types': [ '15.8.1' ],
415 silly audit   'react-transition-group': [ '4.4.5' ],
415 silly audit   'use-isomorphic-layout-effect': [ '1.2.1' ],
415 silly audit   '@emotion/memoize': [ '0.9.0' ],
415 silly audit   '@emotion/sheet': [ '1.4.0' ],
415 silly audit   '@emotion/utils': [ '1.4.2' ],
415 silly audit   '@emotion/weak-memoize': [ '0.4.0' ],
415 silly audit   stylis: [ '4.2.0' ],
415 silly audit   '@emotion/babel-plugin': [ '11.13.5' ],
415 silly audit   '@emotion/serialize': [ '1.3.3' ],
415 silly audit   '@emotion/use-insertion-effect-with-fallbacks': [ '1.2.0' ],
415 silly audit   'hoist-non-react-statics': [ '3.3.2' ],
415 silly audit   '@babel/helper-module-imports': [ '7.28.6' ],
415 silly audit   '@emotion/hash': [ '0.9.2' ],
415 silly audit   'babel-plugin-macros': [ '3.1.0' ],
415 silly audit   'convert-source-map': [ '1.9.0' ],
415 silly audit   'escape-string-regexp': [ '4.0.0' ],
415 silly audit   'find-root': [ '1.1.0' ],
415 silly audit   'source-map': [ '0.5.7' ],
415 silly audit   '@babel/traverse': [ '7.29.0' ],
415 silly audit   '@babel/types': [ '7.29.0' ],
415 silly audit   '@babel/code-frame': [ '7.29.0' ],
415 silly audit   '@babel/generator': [ '7.29.1' ],
415 silly audit   '@babel/helper-globals': [ '7.28.0' ],
415 silly audit   '@babel/parser': [ '7.29.2' ],
415 silly audit   '@babel/template': [ '7.28.6' ],
415 silly audit   debug: [ '4.4.3' ],
415 silly audit   '@babel/helper-validator-identifier': [ '7.28.5' ],
415 silly audit   'js-tokens': [ '4.0.0' ],
415 silly audit   '@jridgewell/gen-mapping': [ '0.3.13' ],
415 silly audit   '@jridgewell/trace-mapping': [ '0.3.31' ],
415 silly audit   jsesc: [ '3.1.0' ],
415 silly audit   '@babel/helper-string-parser': [ '7.27.1' ],
415 silly audit   '@emotion/unitless': [ '0.10.0' ],
415 silly audit   csstype: [ '3.2.3' ],
415 silly audit   '@floating-ui/core': [ '1.7.5' ],
415 silly audit   '@floating-ui/utils': [ '0.2.11' ],
415 silly audit   '@jridgewell/sourcemap-codec': [ '1.5.5' ],
415 silly audit   '@jridgewell/resolve-uri': [ '3.1.2' ],
415 silly audit   cosmiconfig: [ '7.1.0' ],
415 silly audit   resolve: [ '1.22.11' ],
415 silly audit   '@types/parse-json': [ '4.0.2' ],
415 silly audit   'import-fresh': [ '3.3.1' ],
415 silly audit   'parse-json': [ '5.2.0' ],
415 silly audit   'path-type': [ '4.0.0' ],
415 silly audit   yaml: [ '1.10.2' ],
415 silly audit   ms: [ '2.1.3' ],
415 silly audit   'react-is': [ '16.13.1' ],
415 silly audit   'parent-module': [ '1.0.1' ],
415 silly audit   'resolve-from': [ '4.0.0' ],
415 silly audit   callsites: [ '3.1.0' ],
415 silly audit   'error-ex': [ '1.3.4' ],
415 silly audit   'json-parse-even-better-errors': [ '2.3.1' ],
415 silly audit   'lines-and-columns': [ '1.2.4' ],
415 silly audit   'is-arrayish': [ '0.2.1' ],
415 silly audit   'loose-envify': [ '1.4.0' ],
415 silly audit   'object-assign': [ '4.1.1' ],
415 silly audit   'dom-helpers': [ '5.2.1' ],
415 silly audit   'is-core-module': [ '2.16.1' ],
415 silly audit   'path-parse': [ '1.0.7' ],
415 silly audit   'supports-preserve-symlinks-flag': [ '1.0.0' ]
415 silly audit }
416 http cache path-parse@https://registry.npmjs.org/path-parse/-/path-parse-1.0.7.tgz 0ms (cache hit)
417 http cache supports-preserve-symlinks-flag@https://registry.npmjs.org/supports-preserve-symlinks-flag/-/supports-preserve-symlinks-flag-1.0.0.tgz 0ms (cache hit)
418 http cache is-core-module@https://registry.npmjs.org/is-core-module/-/is-core-module-2.16.1.tgz 0ms (cache hit)
419 http cache loose-envify@https://registry.npmjs.org/loose-envify/-/loose-envify-1.4.0.tgz 0ms (cache hit)
420 http cache is-arrayish@https://registry.npmjs.org/is-arrayish/-/is-arrayish-0.2.1.tgz 0ms (cache hit)
421 http cache json-parse-even-better-errors@https://registry.npmjs.org/json-parse-even-better-errors/-/json-parse-even-better-errors-2.3.1.tgz 0ms (cache hit)
422 http cache lines-and-columns@https://registry.npmjs.org/lines-and-columns/-/lines-and-columns-1.2.4.tgz 0ms (cache hit)
423 http cache error-ex@https://registry.npmjs.org/error-ex/-/error-ex-1.3.4.tgz 0ms (cache hit)
424 http cache callsites@https://registry.npmjs.org/callsites/-/callsites-3.1.0.tgz 0ms (cache hit)
425 http cache dom-helpers@https://registry.npmjs.org/dom-helpers/-/dom-helpers-5.2.1.tgz 0ms (cache hit)
426 http cache object-assign@https://registry.npmjs.org/object-assign/-/object-assign-4.1.1.tgz 0ms (cache hit)
427 http cache parent-module@https://registry.npmjs.org/parent-module/-/parent-module-1.0.1.tgz 0ms (cache hit)
428 http cache react-is@https://registry.npmjs.org/react-is/-/react-is-16.13.1.tgz 0ms (cache hit)
429 http cache ms@https://registry.npmjs.org/ms/-/ms-2.1.3.tgz 1ms (cache hit)
430 http cache yaml@https://registry.npmjs.org/yaml/-/yaml-1.10.2.tgz 0ms (cache hit)
431 http cache path-type@https://registry.npmjs.org/path-type/-/path-type-4.0.0.tgz 0ms (cache hit)
432 http cache parse-json@https://registry.npmjs.org/parse-json/-/parse-json-5.2.0.tgz 0ms (cache hit)
433 http cache import-fresh@https://registry.npmjs.org/import-fresh/-/import-fresh-3.3.1.tgz 0ms (cache hit)
434 http cache @types/parse-json@https://registry.npmjs.org/@types/parse-json/-/parse-json-4.0.2.tgz 0ms (cache hit)
435 http cache resolve@https://registry.npmjs.org/resolve/-/resolve-1.22.11.tgz 0ms (cache hit)
436 http cache cosmiconfig@https://registry.npmjs.org/cosmiconfig/-/cosmiconfig-7.1.0.tgz 0ms (cache hit)
437 http cache @jridgewell/resolve-uri@https://registry.npmjs.org/@jridgewell/resolve-uri/-/resolve-uri-3.1.2.tgz 0ms (cache hit)
438 http cache @jridgewell/sourcemap-codec@https://registry.npmjs.org/@jridgewell/sourcemap-codec/-/sourcemap-codec-1.5.5.tgz 0ms (cache hit)
439 http cache @floating-ui/utils@https://registry.npmjs.org/@floating-ui/utils/-/utils-0.2.11.tgz 0ms (cache hit)
440 http cache @floating-ui/core@https://registry.npmjs.org/@floating-ui/core/-/core-1.7.5.tgz 0ms (cache hit)
441 http cache csstype@https://registry.npmjs.org/csstype/-/csstype-3.2.3.tgz 0ms (cache hit)
442 http cache @emotion/unitless@https://registry.npmjs.org/@emotion/unitless/-/unitless-0.10.0.tgz 0ms (cache hit)
443 http cache jsesc@https://registry.npmjs.org/jsesc/-/jsesc-3.1.0.tgz 0ms (cache hit)
444 http cache @jridgewell/trace-mapping@https://registry.npmjs.org/@jridgewell/trace-mapping/-/trace-mapping-0.3.31.tgz 0ms (cache hit)
445 http cache @jridgewell/gen-mapping@https://registry.npmjs.org/@jridgewell/gen-mapping/-/gen-mapping-0.3.13.tgz 0ms (cache hit)
446 http cache js-tokens@https://registry.npmjs.org/js-tokens/-/js-tokens-4.0.0.tgz 0ms (cache hit)
447 http cache @babel/helper-string-parser@https://registry.npmjs.org/@babel/helper-string-parser/-/helper-string-parser-7.27.1.tgz 0ms (cache hit)
448 http cache @babel/helper-validator-identifier@https://registry.npmjs.org/@babel/helper-validator-identifier/-/helper-validator-identifier-7.28.5.tgz 0ms (cache hit)
449 http cache debug@https://registry.npmjs.org/debug/-/debug-4.4.3.tgz 0ms (cache hit)
450 http cache resolve-from@https://registry.npmjs.org/resolve-from/-/resolve-from-4.0.0.tgz 0ms (cache hit)
451 http cache @babel/template@https://registry.npmjs.org/@babel/template/-/template-7.28.6.tgz 0ms (cache hit)
452 http cache @babel/parser@https://registry.npmjs.org/@babel/parser/-/parser-7.29.2.tgz 0ms (cache hit)
453 http cache @babel/generator@https://registry.npmjs.org/@babel/generator/-/generator-7.29.1.tgz 0ms (cache hit)
454 http cache @babel/code-frame@https://registry.npmjs.org/@babel/code-frame/-/code-frame-7.29.0.tgz 0ms (cache hit)
455 http cache @babel/types@https://registry.npmjs.org/@babel/types/-/types-7.29.0.tgz 0ms (cache hit)
456 http cache @babel/traverse@https://registry.npmjs.org/@babel/traverse/-/traverse-7.29.0.tgz 0ms (cache hit)
457 http cache source-map@https://registry.npmjs.org/source-map/-/source-map-0.5.7.tgz 0ms (cache hit)
458 http cache find-root@https://registry.npmjs.org/find-root/-/find-root-1.1.0.tgz 0ms (cache hit)
459 http cache escape-string-regexp@https://registry.npmjs.org/escape-string-regexp/-/escape-string-regexp-4.0.0.tgz 0ms (cache hit)
460 http cache convert-source-map@https://registry.npmjs.org/convert-source-map/-/convert-source-map-1.9.0.tgz 0ms (cache hit)
461 http cache babel-plugin-macros@https://registry.npmjs.org/babel-plugin-macros/-/babel-plugin-macros-3.1.0.tgz 0ms (cache hit)
462 http cache @emotion/hash@https://registry.npmjs.org/@emotion/hash/-/hash-0.9.2.tgz 0ms (cache hit)
463 http cache @babel/helper-module-imports@https://registry.npmjs.org/@babel/helper-module-imports/-/helper-module-imports-7.28.6.tgz 0ms (cache hit)
464 http cache hoist-non-react-statics@https://registry.npmjs.org/hoist-non-react-statics/-/hoist-non-react-statics-3.3.2.tgz 0ms (cache hit)
465 http cache @emotion/use-insertion-effect-with-fallbacks@https://registry.npmjs.org/@emotion/use-insertion-effect-with-fallbacks/-/use-insertion-effect-with-fallbacks-1.2.0.tgz 0ms (cache hit)
466 http cache @emotion/serialize@https://registry.npmjs.org/@emotion/serialize/-/serialize-1.3.3.tgz 0ms (cache hit)
467 http cache @emotion/babel-plugin@https://registry.npmjs.org/@emotion/babel-plugin/-/babel-plugin-11.13.5.tgz 0ms (cache hit)
468 http cache stylis@https://registry.npmjs.org/stylis/-/stylis-4.2.0.tgz 0ms (cache hit)
469 http cache @emotion/weak-memoize@https://registry.npmjs.org/@emotion/weak-memoize/-/weak-memoize-0.4.0.tgz 0ms (cache hit)
470 http cache @emotion/sheet@https://registry.npmjs.org/@emotion/sheet/-/sheet-1.4.0.tgz 0ms (cache hit)
471 http cache @emotion/memoize@https://registry.npmjs.org/@emotion/memoize/-/memoize-0.9.0.tgz 0ms (cache hit)
472 http cache use-isomorphic-layout-effect@https://registry.npmjs.org/use-isomorphic-layout-effect/-/use-isomorphic-layout-effect-1.2.1.tgz 0ms (cache hit)
473 http cache react-transition-group@https://registry.npmjs.org/react-transition-group/-/react-transition-group-4.4.5.tgz 1ms (cache hit)
474 http cache prop-types@https://registry.npmjs.org/prop-types/-/prop-types-15.8.1.tgz 0ms (cache hit)
475 http cache memoize-one@https://registry.npmjs.org/memoize-one/-/memoize-one-6.0.0.tgz 0ms (cache hit)
476 http cache @types/react@https://registry.npmjs.org/@types/react/-/react-19.2.14.tgz 0ms (cache hit)
477 http cache @types/react-transition-group@https://registry.npmjs.org/@types/react-transition-group/-/react-transition-group-4.4.12.tgz 0ms (cache hit)
478 http cache @emotion/react@https://registry.npmjs.org/@emotion/react/-/react-11.14.0.tgz 0ms (cache hit)
479 http cache @floating-ui/dom@https://registry.npmjs.org/@floating-ui/dom/-/dom-1.7.6.tgz 0ms (cache hit)
480 http cache @emotion/cache@https://registry.npmjs.org/@emotion/cache/-/cache-11.14.0.tgz 0ms (cache hit)
481 http cache @babel/runtime@https://registry.npmjs.org/@babel/runtime/-/runtime-7.29.2.tgz 0ms (cache hit)
482 http cache react-select@https://registry.npmjs.org/react-select/-/react-select-5.10.2.tgz 0ms (cache hit)
483 silly tarball no local data for path-parse@https://registry.npmjs.org/path-parse/-/path-parse-1.0.7.tgz. Extracting by manifest.
484 silly tarball no local data for supports-preserve-symlinks-flag@https://registry.npmjs.org/supports-preserve-symlinks-flag/-/supports-preserve-symlinks-flag-1.0.0.tgz. Extracting by manifest.
485 silly tarball no local data for is-core-module@https://registry.npmjs.org/is-core-module/-/is-core-module-2.16.1.tgz. Extracting by manifest.
486 silly tarball no local data for loose-envify@https://registry.npmjs.org/loose-envify/-/loose-envify-1.4.0.tgz. Extracting by manifest.
487 http cache @emotion/utils@https://registry.npmjs.org/@emotion/utils/-/utils-1.4.2.tgz 0ms (cache hit)
488 silly tarball no local data for is-arrayish@https://registry.npmjs.org/is-arrayish/-/is-arrayish-0.2.1.tgz. Extracting by manifest.
489 silly tarball no local data for json-parse-even-better-errors@https://registry.npmjs.org/json-parse-even-better-errors/-/json-parse-even-better-errors-2.3.1.tgz. Extracting by manifest.
490 silly tarball no local data for lines-and-columns@https://registry.npmjs.org/lines-and-columns/-/lines-and-columns-1.2.4.tgz. Extracting by manifest.
491 silly tarball no local data for error-ex@https://registry.npmjs.org/error-ex/-/error-ex-1.3.4.tgz. Extracting by manifest.
492 silly tarball no local data for callsites@https://registry.npmjs.org/callsites/-/callsites-3.1.0.tgz. Extracting by manifest.
493 silly tarball no local data for dom-helpers@https://registry.npmjs.org/dom-helpers/-/dom-helpers-5.2.1.tgz. Extracting by manifest.
494 silly tarball no local data for object-assign@https://registry.npmjs.org/object-assign/-/object-assign-4.1.1.tgz. Extracting by manifest.
495 silly tarball no local data for parent-module@https://registry.npmjs.org/parent-module/-/parent-module-1.0.1.tgz. Extracting by manifest.
496 silly tarball no local data for react-is@https://registry.npmjs.org/react-is/-/react-is-16.13.1.tgz. Extracting by manifest.
497 silly tarball no local data for ms@https://registry.npmjs.org/ms/-/ms-2.1.3.tgz. Extracting by manifest.
498 silly tarball no local data for yaml@https://registry.npmjs.org/yaml/-/yaml-1.10.2.tgz. Extracting by manifest.
499 silly tarball no local data for path-type@https://registry.npmjs.org/path-type/-/path-type-4.0.0.tgz. Extracting by manifest.
500 silly tarball no local data for parse-json@https://registry.npmjs.org/parse-json/-/parse-json-5.2.0.tgz. Extracting by manifest.
501 silly tarball no local data for import-fresh@https://registry.npmjs.org/import-fresh/-/import-fresh-3.3.1.tgz. Extracting by manifest.
502 silly tarball no local data for @types/parse-json@https://registry.npmjs.org/@types/parse-json/-/parse-json-4.0.2.tgz. Extracting by manifest.
503 silly tarball no local data for resolve@https://registry.npmjs.org/resolve/-/resolve-1.22.11.tgz. Extracting by manifest.
504 silly tarball no local data for cosmiconfig@https://registry.npmjs.org/cosmiconfig/-/cosmiconfig-7.1.0.tgz. Extracting by manifest.
505 silly tarball no local data for @jridgewell/resolve-uri@https://registry.npmjs.org/@jridgewell/resolve-uri/-/resolve-uri-3.1.2.tgz. Extracting by manifest.
506 silly tarball no local data for @jridgewell/sourcemap-codec@https://registry.npmjs.org/@jridgewell/sourcemap-codec/-/sourcemap-codec-1.5.5.tgz. Extracting by manifest.
507 silly tarball no local data for @floating-ui/utils@https://registry.npmjs.org/@floating-ui/utils/-/utils-0.2.11.tgz. Extracting by manifest.
508 silly tarball no local data for @floating-ui/core@https://registry.npmjs.org/@floating-ui/core/-/core-1.7.5.tgz. Extracting by manifest.
509 silly tarball no local data for csstype@https://registry.npmjs.org/csstype/-/csstype-3.2.3.tgz. Extracting by manifest.
510 silly tarball no local data for @emotion/unitless@https://registry.npmjs.org/@emotion/unitless/-/unitless-0.10.0.tgz. Extracting by manifest.
511 silly tarball no local data for jsesc@https://registry.npmjs.org/jsesc/-/jsesc-3.1.0.tgz. Extracting by manifest.
512 silly tarball no local data for @jridgewell/trace-mapping@https://registry.npmjs.org/@jridgewell/trace-mapping/-/trace-mapping-0.3.31.tgz. Extracting by manifest.
513 silly tarball no local data for @jridgewell/gen-mapping@https://registry.npmjs.org/@jridgewell/gen-mapping/-/gen-mapping-0.3.13.tgz. Extracting by manifest.
514 silly tarball no local data for js-tokens@https://registry.npmjs.org/js-tokens/-/js-tokens-4.0.0.tgz. Extracting by manifest.
515 silly tarball no local data for @babel/helper-string-parser@https://registry.npmjs.org/@babel/helper-string-parser/-/helper-string-parser-7.27.1.tgz. Extracting by manifest.
516 silly tarball no local data for @babel/helper-validator-identifier@https://registry.npmjs.org/@babel/helper-validator-identifier/-/helper-validator-identifier-7.28.5.tgz. Extracting by manifest.
517 silly tarball no local data for debug@https://registry.npmjs.org/debug/-/debug-4.4.3.tgz. Extracting by manifest.
518 silly tarball no local data for resolve-from@https://registry.npmjs.org/resolve-from/-/resolve-from-4.0.0.tgz. Extracting by manifest.
519 http cache @babel/helper-globals@https://registry.npmjs.org/@babel/helper-globals/-/helper-globals-7.28.0.tgz 0ms (cache hit)
520 silly tarball no local data for @babel/template@https://registry.npmjs.org/@babel/template/-/template-7.28.6.tgz. Extracting by manifest.
521 silly tarball no local data for @babel/parser@https://registry.npmjs.org/@babel/parser/-/parser-7.29.2.tgz. Extracting by manifest.
522 silly tarball no local data for @babel/generator@https://registry.npmjs.org/@babel/generator/-/generator-7.29.1.tgz. Extracting by manifest.
523 silly tarball no local data for @babel/code-frame@https://registry.npmjs.org/@babel/code-frame/-/code-frame-7.29.0.tgz. Extracting by manifest.
524 silly tarball no local data for @babel/types@https://registry.npmjs.org/@babel/types/-/types-7.29.0.tgz. Extracting by manifest.
525 silly tarball no local data for @babel/traverse@https://registry.npmjs.org/@babel/traverse/-/traverse-7.29.0.tgz. Extracting by manifest.
526 silly tarball no local data for source-map@https://registry.npmjs.org/source-map/-/source-map-0.5.7.tgz. Extracting by manifest.
527 silly tarball no local data for find-root@https://registry.npmjs.org/find-root/-/find-root-1.1.0.tgz. Extracting by manifest.
528 silly tarball no local data for escape-string-regexp@https://registry.npmjs.org/escape-string-regexp/-/escape-string-regexp-4.0.0.tgz. Extracting by manifest.
529 silly tarball no local data for convert-source-map@https://registry.npmjs.org/convert-source-map/-/convert-source-map-1.9.0.tgz. Extracting by manifest.
530 silly tarball no local data for babel-plugin-macros@https://registry.npmjs.org/babel-plugin-macros/-/babel-plugin-macros-3.1.0.tgz. Extracting by manifest.
531 silly tarball no local data for @emotion/hash@https://registry.npmjs.org/@emotion/hash/-/hash-0.9.2.tgz. Extracting by manifest.
532 silly tarball no local data for @babel/helper-module-imports@https://registry.npmjs.org/@babel/helper-module-imports/-/helper-module-imports-7.28.6.tgz. Extracting by manifest.
533 silly tarball no local data for hoist-non-react-statics@https://registry.npmjs.org/hoist-non-react-statics/-/hoist-non-react-statics-3.3.2.tgz. Extracting by manifest.
534 silly tarball no local data for @emotion/use-insertion-effect-with-fallbacks@https://registry.npmjs.org/@emotion/use-insertion-effect-with-fallbacks/-/use-insertion-effect-with-fallbacks-1.2.0.tgz. Extracting by manifest.
535 silly tarball no local data for @emotion/serialize@https://registry.npmjs.org/@emotion/serialize/-/serialize-1.3.3.tgz. Extracting by manifest.
536 silly tarball no local data for @emotion/babel-plugin@https://registry.npmjs.org/@emotion/babel-plugin/-/babel-plugin-11.13.5.tgz. Extracting by manifest.
537 silly tarball no local data for stylis@https://registry.npmjs.org/stylis/-/stylis-4.2.0.tgz. Extracting by manifest.
538 silly tarball no local data for @emotion/weak-memoize@https://registry.npmjs.org/@emotion/weak-memoize/-/weak-memoize-0.4.0.tgz. Extracting by manifest.
539 silly tarball no local data for @emotion/sheet@https://registry.npmjs.org/@emotion/sheet/-/sheet-1.4.0.tgz. Extracting by manifest.
540 silly tarball no local data for @emotion/memoize@https://registry.npmjs.org/@emotion/memoize/-/memoize-0.9.0.tgz. Extracting by manifest.
541 silly tarball no local data for use-isomorphic-layout-effect@https://registry.npmjs.org/use-isomorphic-layout-effect/-/use-isomorphic-layout-effect-1.2.1.tgz. Extracting by manifest.
542 silly tarball no local data for react-transition-group@https://registry.npmjs.org/react-transition-group/-/react-transition-group-4.4.5.tgz. Extracting by manifest.
543 silly tarball no local data for prop-types@https://registry.npmjs.org/prop-types/-/prop-types-15.8.1.tgz. Extracting by manifest.
544 silly tarball no local data for memoize-one@https://registry.npmjs.org/memoize-one/-/memoize-one-6.0.0.tgz. Extracting by manifest.
545 silly tarball no local data for @types/react@https://registry.npmjs.org/@types/react/-/react-19.2.14.tgz. Extracting by manifest.
546 silly tarball no local data for @types/react-transition-group@https://registry.npmjs.org/@types/react-transition-group/-/react-transition-group-4.4.12.tgz. Extracting by manifest.
547 silly tarball no local data for @emotion/react@https://registry.npmjs.org/@emotion/react/-/react-11.14.0.tgz. Extracting by manifest.
548 silly tarball no local data for @floating-ui/dom@https://registry.npmjs.org/@floating-ui/dom/-/dom-1.7.6.tgz. Extracting by manifest.
549 silly tarball no local data for @emotion/cache@https://registry.npmjs.org/@emotion/cache/-/cache-11.14.0.tgz. Extracting by manifest.
550 silly tarball no local data for @babel/runtime@https://registry.npmjs.org/@babel/runtime/-/runtime-7.29.2.tgz. Extracting by manifest.
551 silly tarball no local data for react-select@https://registry.npmjs.org/react-select/-/react-select-5.10.2.tgz. Extracting by manifest.
552 silly tarball no local data for @emotion/utils@https://registry.npmjs.org/@emotion/utils/-/utils-1.4.2.tgz. Extracting by manifest.
553 silly tarball no local data for @babel/helper-globals@https://registry.npmjs.org/@babel/helper-globals/-/helper-globals-7.28.0.tgz. Extracting by manifest.
554 http fetch POST 200 https://registry.npmjs.org/-/npm/v1/security/advisories/bulk 8293ms
555 silly audit report {}
556 http fetch GET 200 https://registry.npmjs.org/path-parse/-/path-parse-1.0.7.tgz 9238ms (cache miss)
557 http fetch GET 200 https://registry.npmjs.org/path-type/-/path-type-4.0.0.tgz 9051ms (cache miss)
558 http fetch GET 200 https://registry.npmjs.org/@types/parse-json/-/parse-json-4.0.2.tgz 9193ms (cache miss)
559 http fetch GET 200 https://registry.npmjs.org/parent-module/-/parent-module-1.0.1.tgz 9231ms (cache miss)
560 http fetch GET 200 https://registry.npmjs.org/import-fresh/-/import-fresh-3.3.1.tgz 9220ms (cache miss)
561 http fetch GET 200 https://registry.npmjs.org/find-root/-/find-root-1.1.0.tgz 9058ms (cache miss)
562 http fetch GET 200 https://registry.npmjs.org/parse-json/-/parse-json-5.2.0.tgz 9350ms (cache miss)
563 http fetch GET 200 https://registry.npmjs.org/object-assign/-/object-assign-4.1.1.tgz 9373ms (cache miss)
564 http fetch GET 200 https://registry.npmjs.org/lines-and-columns/-/lines-and-columns-1.2.4.tgz 9496ms (cache miss)
565 http fetch GET 200 https://registry.npmjs.org/supports-preserve-symlinks-flag/-/supports-preserve-symlinks-flag-1.0.0.tgz 9621ms (cache miss)
566 http fetch GET 200 https://registry.npmjs.org/error-ex/-/error-ex-1.3.4.tgz 9506ms (cache miss)
567 http fetch GET 200 https://registry.npmjs.org/json-parse-even-better-errors/-/json-parse-even-better-errors-2.3.1.tgz 9721ms (cache miss)
568 http fetch GET 200 https://registry.npmjs.org/is-arrayish/-/is-arrayish-0.2.1.tgz 9749ms (cache miss)
569 http fetch GET 200 https://registry.npmjs.org/loose-envify/-/loose-envify-1.4.0.tgz 9873ms (cache miss)
570 http fetch GET 200 https://registry.npmjs.org/escape-string-regexp/-/escape-string-regexp-4.0.0.tgz 9385ms (cache miss)
571 http fetch GET 200 https://registry.npmjs.org/resolve-from/-/resolve-from-4.0.0.tgz 9545ms (cache miss)
572 http fetch GET 200 https://registry.npmjs.org/ms/-/ms-2.1.3.tgz 9878ms (cache miss)
573 http fetch GET 200 https://registry.npmjs.org/callsites/-/callsites-3.1.0.tgz 10096ms (cache miss)
574 http fetch GET 200 https://registry.npmjs.org/@emotion/weak-memoize/-/weak-memoize-0.4.0.tgz 9674ms (cache miss)
575 http fetch GET 200 https://registry.npmjs.org/react-is/-/react-is-16.13.1.tgz 10057ms (cache miss)
576 http fetch GET 200 https://registry.npmjs.org/@emotion/memoize/-/memoize-0.9.0.tgz 9699ms (cache miss)
577 http fetch GET 200 https://registry.npmjs.org/@types/react-transition-group/-/react-transition-group-4.4.12.tgz 9021ms (cache miss)
578 http fetch GET 200 https://registry.npmjs.org/js-tokens/-/js-tokens-4.0.0.tgz 10222ms (cache miss)
579 http fetch GET 200 https://registry.npmjs.org/convert-source-map/-/convert-source-map-1.9.0.tgz 10028ms (cache miss)
580 http fetch GET 200 https://registry.npmjs.org/@emotion/use-insertion-effect-with-fallbacks/-/use-insertion-effect-with-fallbacks-1.2.0.tgz 10023ms (cache miss)
581 http fetch GET 200 https://registry.npmjs.org/hoist-non-react-statics/-/hoist-non-react-statics-3.3.2.tgz 12107ms (cache miss)
582 http fetch GET 200 https://registry.npmjs.org/memoize-one/-/memoize-one-6.0.0.tgz 11317ms (cache miss)
583 http fetch GET 200 https://registry.npmjs.org/@jridgewell/resolve-uri/-/resolve-uri-3.1.2.tgz 12579ms (cache miss)
584 http fetch GET 200 https://registry.npmjs.org/@babel/helper-validator-identifier/-/helper-validator-identifier-7.28.5.tgz 13016ms (cache miss)
585 http fetch GET 200 https://registry.npmjs.org/@babel/helper-globals/-/helper-globals-7.28.0.tgz 10404ms (cache miss)
586 http fetch GET 200 https://registry.npmjs.org/prop-types/-/prop-types-15.8.1.tgz 12805ms (cache miss)
587 http fetch GET 200 https://registry.npmjs.org/is-core-module/-/is-core-module-2.16.1.tgz 13703ms (cache miss)
588 http fetch GET 200 https://registry.npmjs.org/babel-plugin-macros/-/babel-plugin-macros-3.1.0.tgz 13665ms (cache miss)
589 http fetch GET 200 https://registry.npmjs.org/@emotion/unitless/-/unitless-0.10.0.tgz 14048ms (cache miss)
590 http fetch GET 200 https://registry.npmjs.org/@babel/helper-string-parser/-/helper-string-parser-7.27.1.tgz 14025ms (cache miss)
591 http fetch GET 200 https://registry.npmjs.org/@babel/code-frame/-/code-frame-7.29.0.tgz 14159ms (cache miss)
592 http fetch GET 200 https://registry.npmjs.org/jsesc/-/jsesc-3.1.0.tgz 14299ms (cache miss)
593 http fetch GET 200 https://registry.npmjs.org/debug/-/debug-4.4.3.tgz 15184ms (cache miss)
594 http fetch GET 200 https://registry.npmjs.org/@babel/helper-module-imports/-/helper-module-imports-7.28.6.tgz 15309ms (cache miss)
595 http fetch GET 200 https://registry.npmjs.org/use-isomorphic-layout-effect/-/use-isomorphic-layout-effect-1.2.1.tgz 15254ms (cache miss)
596 http fetch GET 200 https://registry.npmjs.org/@emotion/sheet/-/sheet-1.4.0.tgz 15640ms (cache miss)
597 http fetch GET 200 https://registry.npmjs.org/@emotion/hash/-/hash-0.9.2.tgz 15734ms (cache miss)
598 http fetch GET 200 https://registry.npmjs.org/@emotion/serialize/-/serialize-1.3.3.tgz 18029ms (cache miss)
599 http fetch GET 200 https://registry.npmjs.org/@floating-ui/utils/-/utils-0.2.11.tgz 18619ms (cache miss)
600 http fetch GET 200 https://registry.npmjs.org/@types/react/-/react-19.2.14.tgz 17443ms (cache miss)
601 http fetch GET 200 https://registry.npmjs.org/@floating-ui/dom/-/dom-1.7.6.tgz 17631ms (cache miss)
602 http fetch GET 200 https://registry.npmjs.org/@floating-ui/core/-/core-1.7.5.tgz 20060ms (cache miss)
603 http fetch GET 200 https://registry.npmjs.org/@emotion/utils/-/utils-1.4.2.tgz 17840ms (cache miss)
604 http fetch GET 200 https://registry.npmjs.org/@babel/template/-/template-7.28.6.tgz 20004ms (cache miss)
605 http fetch GET 200 https://registry.npmjs.org/stylis/-/stylis-4.2.0.tgz 20376ms (cache miss)
606 http fetch GET 200 https://registry.npmjs.org/@jridgewell/sourcemap-codec/-/sourcemap-codec-1.5.5.tgz 20878ms (cache miss)
607 http fetch GET 200 https://registry.npmjs.org/@jridgewell/gen-mapping/-/gen-mapping-0.3.13.tgz 21481ms (cache miss)
608 http fetch GET 200 https://registry.npmjs.org/@emotion/babel-plugin/-/babel-plugin-11.13.5.tgz 21623ms (cache miss)
609 http fetch GET 200 https://registry.npmjs.org/csstype/-/csstype-3.2.3.tgz 21993ms (cache miss)
610 http fetch GET 200 https://registry.npmjs.org/cosmiconfig/-/cosmiconfig-7.1.0.tgz 22667ms (cache miss)
611 http fetch GET 200 https://registry.npmjs.org/@emotion/cache/-/cache-11.14.0.tgz 21215ms (cache miss)
612 http fetch GET 200 https://registry.npmjs.org/source-map/-/source-map-0.5.7.tgz 22652ms (cache miss)
613 http fetch GET 200 https://registry.npmjs.org/react-transition-group/-/react-transition-group-4.4.5.tgz 22520ms (cache miss)
614 http fetch GET 200 https://registry.npmjs.org/@jridgewell/trace-mapping/-/trace-mapping-0.3.31.tgz 23180ms (cache miss)
615 http fetch GET 200 https://registry.npmjs.org/@babel/parser/-/parser-7.29.2.tgz 23688ms (cache miss)
616 http fetch GET 200 https://registry.npmjs.org/yaml/-/yaml-1.10.2.tgz 24804ms (cache miss)
617 http fetch GET 200 https://registry.npmjs.org/@babel/generator/-/generator-7.29.1.tgz 25449ms (cache miss)
618 http fetch GET 200 https://registry.npmjs.org/@babel/traverse/-/traverse-7.29.0.tgz 28417ms (cache miss)
619 http fetch GET 200 https://registry.npmjs.org/resolve/-/resolve-1.22.11.tgz 29730ms (cache miss)
620 http fetch GET 200 https://registry.npmjs.org/@emotion/react/-/react-11.14.0.tgz 32341ms (cache miss)
621 http fetch GET 200 https://registry.npmjs.org/dom-helpers/-/dom-helpers-5.2.1.tgz 35531ms (cache miss)
622 http fetch GET 200 https://registry.npmjs.org/react-select/-/react-select-5.10.2.tgz 33940ms (cache miss)
623 http fetch GET 200 https://registry.npmjs.org/@babel/runtime/-/runtime-7.29.2.tgz 34571ms (cache miss)
624 http fetch GET 200 https://registry.npmjs.org/@babel/types/-/types-7.29.0.tgz 36162ms (cache miss)
625 silly ADD node_modules/supports-preserve-symlinks-flag
626 silly ADD node_modules/path-parse
627 silly ADD node_modules/is-core-module
628 silly ADD node_modules/dom-helpers
629 silly ADD node_modules/object-assign
630 silly ADD node_modules/loose-envify
631 silly ADD node_modules/is-arrayish
632 silly ADD node_modules/lines-and-columns
633 silly ADD node_modules/json-parse-even-better-errors
634 silly ADD node_modules/error-ex
635 silly ADD node_modules/callsites
636 silly ADD node_modules/resolve-from
637 silly ADD node_modules/parent-module
638 silly ADD node_modules/react-is
639 silly ADD node_modules/ms
640 silly ADD node_modules/yaml
641 silly ADD node_modules/path-type
642 silly ADD node_modules/parse-json
643 silly ADD node_modules/import-fresh
644 silly ADD node_modules/@types/parse-json
645 silly ADD node_modules/resolve
646 silly ADD node_modules/cosmiconfig
647 silly ADD node_modules/@jridgewell/resolve-uri
648 silly ADD node_modules/@jridgewell/sourcemap-codec
649 silly ADD node_modules/@floating-ui/utils
650 silly ADD node_modules/@floating-ui/core
651 silly ADD node_modules/csstype
652 silly ADD node_modules/@emotion/unitless
653 silly ADD node_modules/@babel/helper-string-parser
654 silly ADD node_modules/jsesc
655 silly ADD node_modules/@jridgewell/trace-mapping
656 silly ADD node_modules/@jridgewell/gen-mapping
657 silly ADD node_modules/js-tokens
658 silly ADD node_modules/@babel/helper-validator-identifier
659 silly ADD node_modules/debug
660 silly ADD node_modules/@babel/template
661 silly ADD node_modules/@babel/parser
662 silly ADD node_modules/@babel/helper-globals
663 silly ADD node_modules/@babel/generator
664 silly ADD node_modules/@babel/code-frame
665 silly ADD node_modules/@babel/types
666 silly ADD node_modules/@babel/traverse
667 silly ADD node_modules/source-map
668 silly ADD node_modules/find-root
669 silly ADD node_modules/escape-string-regexp
670 silly ADD node_modules/convert-source-map
671 silly ADD node_modules/babel-plugin-macros
672 silly ADD node_modules/@emotion/hash
673 silly ADD node_modules/@babel/helper-module-imports
674 silly ADD node_modules/hoist-non-react-statics
675 silly ADD node_modules/@emotion/use-insertion-effect-with-fallbacks
676 silly ADD node_modules/@emotion/serialize
677 silly ADD node_modules/@emotion/babel-plugin
678 silly ADD node_modules/stylis
679 silly ADD node_modules/@emotion/weak-memoize
680 silly ADD node_modules/@emotion/utils
681 silly ADD node_modules/@emotion/sheet
682 silly ADD node_modules/@emotion/memoize
683 silly ADD node_modules/use-isomorphic-layout-effect
684 silly ADD node_modules/react-transition-group
685 silly ADD node_modules/prop-types
686 silly ADD node_modules/memoize-one
687 silly ADD node_modules/@types/react
688 silly ADD node_modules/@types/react-transition-group
689 silly ADD node_modules/@floating-ui/dom
690 silly ADD node_modules/@emotion/react
691 silly ADD node_modules/@emotion/cache
692 silly ADD node_modules/@babel/runtime
693 silly ADD node_modules/react-select
694 verbose cwd /Applications/XAMPP/xamppfiles/htdocs/Test 1/titas_clone/frontend-next
695 verbose os Darwin 25.3.0
696 verbose node v24.13.0
697 verbose npm  v11.6.2
698 verbose exit 0
699 info ok
